[0.006s] Invoking command in '/home/mk/ros2_study/src/my_first_package_msgs/build/my_first_package_msgs': CMAKE_PREFIX_PATH=${CMAKE_PREFIX_PATH}:/home/mk/ros2_study/install/my_first_package:/opt/ros/humble /usr/bin/cmake /home/mk/ros2_study/src/my_first_package_msgs -DCMAKE_INSTALL_PREFIX=/home/mk/ros2_study/src/my_first_package_msgs/install/my_first_package_msgs
[0.046s] -- The C compiler identification is GNU 11.4.0
[0.081s] -- The CXX compiler identification is GNU 11.4.0
[0.085s] -- Detecting C compiler ABI info
[0.134s] -- Detecting C compiler ABI info - done
[0.138s] -- Check for working C compiler: /usr/bin/cc - skipped
[0.138s] -- Detecting C compile features
[0.139s] -- Detecting C compile features - done
[0.140s] -- Detecting CXX compiler ABI info
[0.189s] -- Detecting CXX compiler ABI info - done
[0.194s] -- Check for working CXX compiler: /usr/bin/c++ - skipped
[0.195s] -- Detecting CXX compile features
[0.195s] -- Detecting CXX compile features - done
[0.196s] -- Found ament_cmake: 1.3.10 (/opt/ros/humble/share/ament_cmake/cmake)
[0.289s] -- Found Python3: /usr/bin/python3 (found version "3.10.12") found components: Interpreter 
[0.340s] -- Found rosidl_default_generators: 1.2.0 (/opt/ros/humble/share/rosidl_default_generators/cmake)
[0.341s] -- Using all available rosidl_typesupport_c: rosidl_typesupport_fastrtps_c;rosidl_typesupport_introspection_c
[0.344s] -- Found rosidl_adapter: 3.1.5 (/opt/ros/humble/share/rosidl_adapter/cmake)
[0.365s] -- Using all available rosidl_typesupport_cpp: rosidl_typesupport_fastrtps_cpp;rosidl_typesupport_introspection_cpp
[0.549s] -- Found ament_cmake_ros: 0.10.0 (/opt/ros/humble/share/ament_cmake_ros/cmake)
[0.666s] -- Using all available rosidl_typesupport_c: rosidl_typesupport_fastrtps_c;rosidl_typesupport_introspection_c
[0.825s] -- Using all available rosidl_typesupport_cpp: rosidl_typesupport_fastrtps_cpp;rosidl_typesupport_introspection_cpp
[0.840s] -- Found PythonInterp: /usr/bin/python3 (found suitable version "3.10.12", minimum required is "3.6") 
[0.841s] -- Found python_cmake_module: 0.10.0 (/opt/ros/humble/share/python_cmake_module/cmake)
[0.858s] -- Found PythonLibs: /usr/lib/x86_64-linux-gnu/libpython3.10.so (found suitable version "3.10.12", minimum required is "3.5") 
[0.858s] -- Using PYTHON_EXECUTABLE: /usr/bin/python3
[0.858s] -- Using PYTHON_INCLUDE_DIRS: /usr/include/python3.10
[0.858s] -- Using PYTHON_LIBRARIES: /usr/lib/x86_64-linux-gnu/libpython3.10.so
[0.873s] -- Found PythonExtra: .so  
[0.895s] -- Found ament_lint_auto: 0.12.11 (/opt/ros/humble/share/ament_lint_auto/cmake)
[0.907s] -- Added test 'cppcheck' to perform static code analysis on C / C++ code
[0.907s] -- Configured cppcheck include dirs: $<BUILD_INTERFACE:/home/mk/ros2_study/src/my_first_package_msgs/build/my_first_package_msgs/rosidl_generator_c>;$<BUILD_INTERFACE:/home/mk/ros2_study/src/my_first_package_msgs/build/my_first_package_msgs/rosidl_typesupport_fastrtps_c>;$<BUILD_INTERFACE:/home/mk/ros2_study/src/my_first_package_msgs/build/my_first_package_msgs/rosidl_typesupport_introspection_c>;$<BUILD_INTERFACE:/home/mk/ros2_study/src/my_first_package_msgs/build/my_first_package_msgs/rosidl_generator_cpp>;$<BUILD_INTERFACE:/home/mk/ros2_study/src/my_first_package_msgs/build/my_first_package_msgs/rosidl_typesupport_fastrtps_cpp>;$<BUILD_INTERFACE:/home/mk/ros2_study/src/my_first_package_msgs/build/my_first_package_msgs/rosidl_typesupport_introspection_cpp>;/home/mk/ros2_study/src/my_first_package_msgs/build/my_first_package_msgs/rosidl_generator_c;/home/mk/ros2_study/src/my_first_package_msgs/build/my_first_package_msgs/rosidl_generator_py
[0.907s] -- Configured cppcheck exclude dirs and/or files: 
[0.908s] -- Added test 'flake8' to check Python code syntax and style conventions
[0.909s] -- Added test 'lint_cmake' to check CMake code style
[0.910s] -- Added test 'pep257' to check Python code against some of the docstring style conventions in PEP 257
[0.913s] -- Added test 'uncrustify' to check C / C++ code style
[0.913s] -- Configured uncrustify additional arguments: 
[0.913s] -- Added test 'xmllint' to check XML markup files
[0.915s] -- Configuring done
[0.930s] -- Generating done
[0.931s] -- Build files have been written to: /home/mk/ros2_study/src/my_first_package_msgs/build/my_first_package_msgs
[0.936s] Invoked command in '/home/mk/ros2_study/src/my_first_package_msgs/build/my_first_package_msgs' returned '0': CMAKE_PREFIX_PATH=${CMAKE_PREFIX_PATH}:/home/mk/ros2_study/install/my_first_package:/opt/ros/humble /usr/bin/cmake /home/mk/ros2_study/src/my_first_package_msgs -DCMAKE_INSTALL_PREFIX=/home/mk/ros2_study/src/my_first_package_msgs/install/my_first_package_msgs
[0.937s] Invoking command in '/home/mk/ros2_study/src/my_first_package_msgs/build/my_first_package_msgs': CMAKE_PREFIX_PATH=${CMAKE_PREFIX_PATH}:/home/mk/ros2_study/install/my_first_package:/opt/ros/humble /usr/bin/cmake --build /home/mk/ros2_study/src/my_first_package_msgs/build/my_first_package_msgs -- -j16 -l16
[0.968s] [  2%] [34m[1mGenerating C code for ROS interfaces[0m
[0.976s] [  5%] [34m[1mGenerating C++ code for ROS interfaces[0m
[0.985s] [  5%] Built target ament_cmake_python_copy_my_first_package_msgs
[1.160s] running egg_info
[1.161s] creating my_first_package_msgs.egg-info
[1.161s] writing my_first_package_msgs.egg-info/PKG-INFO
[1.161s] writing dependency_links to my_first_package_msgs.egg-info/dependency_links.txt
[1.161s] writing top-level names to my_first_package_msgs.egg-info/top_level.txt
[1.161s] writing manifest file 'my_first_package_msgs.egg-info/SOURCES.txt'
[1.163s] reading manifest file 'my_first_package_msgs.egg-info/SOURCES.txt'
[1.163s] writing manifest file 'my_first_package_msgs.egg-info/SOURCES.txt'
[1.182s] [  7%] [32mBuilding C object CMakeFiles/my_first_package_msgs__rosidl_generator_c.dir/rosidl_generator_c/my_first_package_msgs/msg/detail/cmd_and_pose_vel__functions.c.o[0m
[1.183s] [ 10%] [32mBuilding C object CMakeFiles/my_first_package_msgs__rosidl_generator_c.dir/rosidl_generator_c/my_first_package_msgs/srv/detail/multi_spawn__functions.c.o[0m
[1.186s] [ 10%] Built target ament_cmake_python_build_my_first_package_msgs_egg
[1.193s] [ 10%] Built target my_first_package_msgs__cpp
[1.201s] [ 12%] [34m[1mGenerating C++ type support for eProsima Fast-RTPS[0m
[1.201s] [ 15%] [34m[1mGenerating C++ type support dispatch for ROS interfaces[0m
[1.203s] [ 17%] [34m[1mGenerating C++ introspection for ROS interfaces[0m
[1.237s] [ 20%] [32m[1mLinking C shared library libmy_first_package_msgs__rosidl_generator_c.so[0m
[1.262s] [ 20%] Built target my_first_package_msgs__rosidl_generator_c
[1.270s] [ 23%] [34m[1mGenerating C type support for eProsima Fast-RTPS[0m
[1.271s] [ 28%] [34m[1mGenerating C introspection for ROS interfaces[0m
[1.272s] [ 28%] [34m[1mGenerating C type support dispatch for ROS interfaces[0m
[1.390s] [ 33%] [32mBuilding CXX object CMakeFiles/my_first_package_msgs__rosidl_typesupport_cpp.dir/rosidl_typesupport_cpp/my_first_package_msgs/srv/multi_spawn__type_support.cpp.o[0m
[1.390s] [ 33%] [32mBuilding CXX object CMakeFiles/my_first_package_msgs__rosidl_typesupport_cpp.dir/rosidl_typesupport_cpp/my_first_package_msgs/msg/cmd_and_pose_vel__type_support.cpp.o[0m
[1.401s] [ 35%] [32mBuilding CXX object CMakeFiles/my_first_package_msgs__rosidl_typesupport_introspection_cpp.dir/rosidl_typesupport_introspection_cpp/my_first_package_msgs/srv/detail/multi_spawn__type_support.cpp.o[0m
[1.401s] [ 38%] [32mBuilding CXX object CMakeFiles/my_first_package_msgs__rosidl_typesupport_introspection_cpp.dir/rosidl_typesupport_introspection_cpp/my_first_package_msgs/msg/detail/cmd_and_pose_vel__type_support.cpp.o[0m
[1.453s] [ 41%] [32mBuilding CXX object CMakeFiles/my_first_package_msgs__rosidl_typesupport_fastrtps_cpp.dir/rosidl_typesupport_fastrtps_cpp/my_first_package_msgs/srv/detail/dds_fastrtps/multi_spawn__type_support.cpp.o[0m
[1.456s] [ 43%] [32mBuilding CXX object CMakeFiles/my_first_package_msgs__rosidl_typesupport_fastrtps_cpp.dir/rosidl_typesupport_fastrtps_cpp/my_first_package_msgs/msg/detail/dds_fastrtps/cmd_and_pose_vel__type_support.cpp.o[0m
[1.559s] [ 46%] [32mBuilding CXX object CMakeFiles/my_first_package_msgs__rosidl_typesupport_fastrtps_c.dir/rosidl_typesupport_fastrtps_c/my_first_package_msgs/msg/detail/cmd_and_pose_vel__type_support_c.cpp.o[0m
[1.559s] [ 48%] [32mBuilding CXX object CMakeFiles/my_first_package_msgs__rosidl_typesupport_fastrtps_c.dir/rosidl_typesupport_fastrtps_c/my_first_package_msgs/srv/detail/multi_spawn__type_support_c.cpp.o[0m
[1.578s] [ 53%] [32mBuilding CXX object CMakeFiles/my_first_package_msgs__rosidl_typesupport_c.dir/rosidl_typesupport_c/my_first_package_msgs/srv/multi_spawn__type_support.cpp.o[0m
[1.578s] [ 53%] [32mBuilding CXX object CMakeFiles/my_first_package_msgs__rosidl_typesupport_c.dir/rosidl_typesupport_c/my_first_package_msgs/msg/cmd_and_pose_vel__type_support.cpp.o[0m
[1.617s] [ 56%] [32m[1mLinking CXX shared library libmy_first_package_msgs__rosidl_typesupport_c.so[0m
[1.621s] [ 58%] [32mBuilding C object CMakeFiles/my_first_package_msgs__rosidl_typesupport_introspection_c.dir/rosidl_typesupport_introspection_c/my_first_package_msgs/msg/detail/cmd_and_pose_vel__type_support.c.o[0m
[1.622s] [ 61%] [32mBuilding C object CMakeFiles/my_first_package_msgs__rosidl_typesupport_introspection_c.dir/rosidl_typesupport_introspection_c/my_first_package_msgs/srv/detail/multi_spawn__type_support.c.o[0m
[1.652s] [ 61%] Built target my_first_package_msgs__rosidl_typesupport_c
[1.659s] [ 64%] [32m[1mLinking C shared library libmy_first_package_msgs__rosidl_typesupport_introspection_c.so[0m
[1.684s] [ 64%] Built target my_first_package_msgs__rosidl_typesupport_introspection_c
[1.688s] [ 66%] [32m[1mLinking CXX shared library libmy_first_package_msgs__rosidl_typesupport_cpp.so[0m
[1.722s] [ 66%] Built target my_first_package_msgs__rosidl_typesupport_cpp
[1.787s] [ 69%] [32m[1mLinking CXX shared library libmy_first_package_msgs__rosidl_typesupport_introspection_cpp.so[0m
[1.828s] [ 71%] [32m[1mLinking CXX shared library libmy_first_package_msgs__rosidl_typesupport_fastrtps_cpp.so[0m
[1.848s] [ 71%] Built target my_first_package_msgs__rosidl_typesupport_introspection_cpp
[1.859s] [ 74%] [32m[1mLinking CXX shared library libmy_first_package_msgs__rosidl_typesupport_fastrtps_c.so[0m
[1.880s] [ 74%] Built target my_first_package_msgs__rosidl_typesupport_fastrtps_cpp
[1.913s] [ 74%] Built target my_first_package_msgs__rosidl_typesupport_fastrtps_c
[1.929s] [ 74%] Built target my_first_package_msgs
[1.942s] [ 76%] [34m[1mGenerating Python code for ROS interfaces[0m
[2.231s] [ 76%] Built target my_first_package_msgs__py
[2.245s] [ 79%] [32mBuilding C object CMakeFiles/my_first_package_msgs__rosidl_generator_py.dir/rosidl_generator_py/my_first_package_msgs/srv/_multi_spawn_s.c.o[0m
[2.245s] [ 82%] [32mBuilding C object CMakeFiles/my_first_package_msgs__rosidl_generator_py.dir/rosidl_generator_py/my_first_package_msgs/msg/_cmd_and_pose_vel_s.c.o[0m
[2.324s] [ 84%] [32m[1mLinking C shared library rosidl_generator_py/my_first_package_msgs/libmy_first_package_msgs__rosidl_generator_py.so[0m
[2.357s] [ 84%] Built target my_first_package_msgs__rosidl_generator_py
[2.373s] [ 87%] [32mBuilding C object CMakeFiles/my_first_package_msgs__rosidl_typesupport_fastrtps_c__pyext.dir/rosidl_generator_py/my_first_package_msgs/_my_first_package_msgs_s.ep.rosidl_typesupport_fastrtps_c.c.o[0m
[2.373s] [ 89%] [32mBuilding C object CMakeFiles/my_first_package_msgs__rosidl_typesupport_c__pyext.dir/rosidl_generator_py/my_first_package_msgs/_my_first_package_msgs_s.ep.rosidl_typesupport_c.c.o[0m
[2.374s] [ 92%] [32mBuilding C object CMakeFiles/my_first_package_msgs__rosidl_typesupport_introspection_c__pyext.dir/rosidl_generator_py/my_first_package_msgs/_my_first_package_msgs_s.ep.rosidl_typesupport_introspection_c.c.o[0m
[2.433s] [ 94%] [32m[1mLinking C shared library rosidl_generator_py/my_first_package_msgs/my_first_package_msgs_s__rosidl_typesupport_c.cpython-310-x86_64-linux-gnu.so[0m
[2.437s] [ 97%] [32m[1mLinking C shared library rosidl_generator_py/my_first_package_msgs/my_first_package_msgs_s__rosidl_typesupport_introspection_c.cpython-310-x86_64-linux-gnu.so[0m
[2.440s] [100%] [32m[1mLinking C shared library rosidl_generator_py/my_first_package_msgs/my_first_package_msgs_s__rosidl_typesupport_fastrtps_c.cpython-310-x86_64-linux-gnu.so[0m
[2.459s] [100%] Built target my_first_package_msgs__rosidl_typesupport_c__pyext
[2.464s] [100%] Built target my_first_package_msgs__rosidl_typesupport_introspection_c__pyext
[2.470s] [100%] Built target my_first_package_msgs__rosidl_typesupport_fastrtps_c__pyext
[2.480s] Invoked command in '/home/mk/ros2_study/src/my_first_package_msgs/build/my_first_package_msgs' returned '0': CMAKE_PREFIX_PATH=${CMAKE_PREFIX_PATH}:/home/mk/ros2_study/install/my_first_package:/opt/ros/humble /usr/bin/cmake --build /home/mk/ros2_study/src/my_first_package_msgs/build/my_first_package_msgs -- -j16 -l16
[2.548s] Invoking command in '/home/mk/ros2_study/src/my_first_package_msgs/build/my_first_package_msgs': CMAKE_PREFIX_PATH=${CMAKE_PREFIX_PATH}:/home/mk/ros2_study/install/my_first_package:/opt/ros/humble /usr/bin/cmake --install /home/mk/ros2_study/src/my_first_package_msgs/build/my_first_package_msgs
[2.554s] -- Install configuration: ""
[2.555s] -- Installing: /home/mk/ros2_study/src/my_first_package_msgs/install/my_first_package_msgs/share/ament_index/resource_index/rosidl_interfaces/my_first_package_msgs
[2.555s] -- Installing: /home/mk/ros2_study/src/my_first_package_msgs/install/my_first_package_msgs/include/my_first_package_msgs/my_first_package_msgs
[2.555s] -- Installing: /home/mk/ros2_study/src/my_first_package_msgs/install/my_first_package_msgs/include/my_first_package_msgs/my_first_package_msgs/msg
[2.555s] -- Installing: /home/mk/ros2_study/src/my_first_package_msgs/install/my_first_package_msgs/include/my_first_package_msgs/my_first_package_msgs/msg/rosidl_generator_c__visibility_control.h
[2.555s] -- Installing: /home/mk/ros2_study/src/my_first_package_msgs/install/my_first_package_msgs/include/my_first_package_msgs/my_first_package_msgs/msg/cmd_and_pose_vel.h
[2.555s] -- Installing: /home/mk/ros2_study/src/my_first_package_msgs/install/my_first_package_msgs/include/my_first_package_msgs/my_first_package_msgs/msg/detail
[2.555s] -- Installing: /home/mk/ros2_study/src/my_first_package_msgs/install/my_first_package_msgs/include/my_first_package_msgs/my_first_package_msgs/msg/detail/cmd_and_pose_vel__functions.h
[2.555s] -- Installing: /home/mk/ros2_study/src/my_first_package_msgs/install/my_first_package_msgs/include/my_first_package_msgs/my_first_package_msgs/msg/detail/cmd_and_pose_vel__type_support.h
[2.555s] -- Installing: /home/mk/ros2_study/src/my_first_package_msgs/install/my_first_package_msgs/include/my_first_package_msgs/my_first_package_msgs/msg/detail/cmd_and_pose_vel__functions.c
[2.556s] -- Installing: /home/mk/ros2_study/src/my_first_package_msgs/install/my_first_package_msgs/include/my_first_package_msgs/my_first_package_msgs/msg/detail/cmd_and_pose_vel__struct.h
[2.556s] -- Installing: /home/mk/ros2_study/src/my_first_package_msgs/install/my_first_package_msgs/include/my_first_package_msgs/my_first_package_msgs/srv
[2.556s] -- Installing: /home/mk/ros2_study/src/my_first_package_msgs/install/my_first_package_msgs/include/my_first_package_msgs/my_first_package_msgs/srv/detail
[2.556s] -- Installing: /home/mk/ros2_study/src/my_first_package_msgs/install/my_first_package_msgs/include/my_first_package_msgs/my_first_package_msgs/srv/detail/multi_spawn__struct.h
[2.556s] -- Installing: /home/mk/ros2_study/src/my_first_package_msgs/install/my_first_package_msgs/include/my_first_package_msgs/my_first_package_msgs/srv/detail/multi_spawn__functions.c
[2.556s] -- Installing: /home/mk/ros2_study/src/my_first_package_msgs/install/my_first_package_msgs/include/my_first_package_msgs/my_first_package_msgs/srv/detail/multi_spawn__type_support.h
[2.556s] -- Installing: /home/mk/ros2_study/src/my_first_package_msgs/install/my_first_package_msgs/include/my_first_package_msgs/my_first_package_msgs/srv/detail/multi_spawn__functions.h
[2.556s] -- Installing: /home/mk/ros2_study/src/my_first_package_msgs/install/my_first_package_msgs/include/my_first_package_msgs/my_first_package_msgs/srv/multi_spawn.h
[2.556s] -- Installing: /home/mk/ros2_study/src/my_first_package_msgs/install/my_first_package_msgs/share/my_first_package_msgs/environment/library_path.sh
[2.556s] -- Installing: /home/mk/ros2_study/src/my_first_package_msgs/install/my_first_package_msgs/share/my_first_package_msgs/environment/library_path.dsv
[2.556s] -- Installing: /home/mk/ros2_study/src/my_first_package_msgs/install/my_first_package_msgs/lib/libmy_first_package_msgs__rosidl_generator_c.so
[2.556s] -- Set runtime path of "/home/mk/ros2_study/src/my_first_package_msgs/install/my_first_package_msgs/lib/libmy_first_package_msgs__rosidl_generator_c.so" to ""
[2.556s] -- Up-to-date: /home/mk/ros2_study/src/my_first_package_msgs/install/my_first_package_msgs/include/my_first_package_msgs/my_first_package_msgs
[2.556s] -- Up-to-date: /home/mk/ros2_study/src/my_first_package_msgs/install/my_first_package_msgs/include/my_first_package_msgs/my_first_package_msgs/msg
[2.556s] -- Installing: /home/mk/ros2_study/src/my_first_package_msgs/install/my_first_package_msgs/include/my_first_package_msgs/my_first_package_msgs/msg/rosidl_typesupport_fastrtps_c__visibility_control.h
[2.556s] -- Up-to-date: /home/mk/ros2_study/src/my_first_package_msgs/install/my_first_package_msgs/include/my_first_package_msgs/my_first_package_msgs/msg/detail
[2.556s] -- Installing: /home/mk/ros2_study/src/my_first_package_msgs/install/my_first_package_msgs/include/my_first_package_msgs/my_first_package_msgs/msg/detail/cmd_and_pose_vel__rosidl_typesupport_fastrtps_c.h
[2.556s] -- Up-to-date: /home/mk/ros2_study/src/my_first_package_msgs/install/my_first_package_msgs/include/my_first_package_msgs/my_first_package_msgs/srv
[2.556s] -- Up-to-date: /home/mk/ros2_study/src/my_first_package_msgs/install/my_first_package_msgs/include/my_first_package_msgs/my_first_package_msgs/srv/detail
[2.557s] -- Installing: /home/mk/ros2_study/src/my_first_package_msgs/install/my_first_package_msgs/include/my_first_package_msgs/my_first_package_msgs/srv/detail/multi_spawn__rosidl_typesupport_fastrtps_c.h
[2.557s] -- Installing: /home/mk/ros2_study/src/my_first_package_msgs/install/my_first_package_msgs/lib/libmy_first_package_msgs__rosidl_typesupport_fastrtps_c.so
[2.557s] -- Set runtime path of "/home/mk/ros2_study/src/my_first_package_msgs/install/my_first_package_msgs/lib/libmy_first_package_msgs__rosidl_typesupport_fastrtps_c.so" to ""
[2.557s] -- Up-to-date: /home/mk/ros2_study/src/my_first_package_msgs/install/my_first_package_msgs/include/my_first_package_msgs/my_first_package_msgs
[2.557s] -- Up-to-date: /home/mk/ros2_study/src/my_first_package_msgs/install/my_first_package_msgs/include/my_first_package_msgs/my_first_package_msgs/msg
[2.557s] -- Installing: /home/mk/ros2_study/src/my_first_package_msgs/install/my_first_package_msgs/include/my_first_package_msgs/my_first_package_msgs/msg/rosidl_typesupport_introspection_c__visibility_control.h
[2.557s] -- Up-to-date: /home/mk/ros2_study/src/my_first_package_msgs/install/my_first_package_msgs/include/my_first_package_msgs/my_first_package_msgs/msg/detail
[2.557s] -- Installing: /home/mk/ros2_study/src/my_first_package_msgs/install/my_first_package_msgs/include/my_first_package_msgs/my_first_package_msgs/msg/detail/cmd_and_pose_vel__type_support.c
[2.557s] -- Installing: /home/mk/ros2_study/src/my_first_package_msgs/install/my_first_package_msgs/include/my_first_package_msgs/my_first_package_msgs/msg/detail/cmd_and_pose_vel__rosidl_typesupport_introspection_c.h
[2.557s] -- Up-to-date: /home/mk/ros2_study/src/my_first_package_msgs/install/my_first_package_msgs/include/my_first_package_msgs/my_first_package_msgs/srv
[2.557s] -- Up-to-date: /home/mk/ros2_study/src/my_first_package_msgs/install/my_first_package_msgs/include/my_first_package_msgs/my_first_package_msgs/srv/detail
[2.557s] -- Installing: /home/mk/ros2_study/src/my_first_package_msgs/install/my_first_package_msgs/include/my_first_package_msgs/my_first_package_msgs/srv/detail/multi_spawn__rosidl_typesupport_introspection_c.h
[2.557s] -- Installing: /home/mk/ros2_study/src/my_first_package_msgs/install/my_first_package_msgs/include/my_first_package_msgs/my_first_package_msgs/srv/detail/multi_spawn__type_support.c
[2.557s] -- Installing: /home/mk/ros2_study/src/my_first_package_msgs/install/my_first_package_msgs/lib/libmy_first_package_msgs__rosidl_typesupport_introspection_c.so
[2.557s] -- Set runtime path of "/home/mk/ros2_study/src/my_first_package_msgs/install/my_first_package_msgs/lib/libmy_first_package_msgs__rosidl_typesupport_introspection_c.so" to ""
[2.557s] -- Installing: /home/mk/ros2_study/src/my_first_package_msgs/install/my_first_package_msgs/lib/libmy_first_package_msgs__rosidl_typesupport_c.so
[2.557s] -- Set runtime path of "/home/mk/ros2_study/src/my_first_package_msgs/install/my_first_package_msgs/lib/libmy_first_package_msgs__rosidl_typesupport_c.so" to ""
[2.557s] -- Up-to-date: /home/mk/ros2_study/src/my_first_package_msgs/install/my_first_package_msgs/include/my_first_package_msgs/my_first_package_msgs
[2.557s] -- Up-to-date: /home/mk/ros2_study/src/my_first_package_msgs/install/my_first_package_msgs/include/my_first_package_msgs/my_first_package_msgs/msg
[2.557s] -- Installing: /home/mk/ros2_study/src/my_first_package_msgs/install/my_first_package_msgs/include/my_first_package_msgs/my_first_package_msgs/msg/cmd_and_pose_vel.hpp
[2.557s] -- Up-to-date: /home/mk/ros2_study/src/my_first_package_msgs/install/my_first_package_msgs/include/my_first_package_msgs/my_first_package_msgs/msg/detail
[2.557s] -- Installing: /home/mk/ros2_study/src/my_first_package_msgs/install/my_first_package_msgs/include/my_first_package_msgs/my_first_package_msgs/msg/detail/cmd_and_pose_vel__builder.hpp
[2.557s] -- Installing: /home/mk/ros2_study/src/my_first_package_msgs/install/my_first_package_msgs/include/my_first_package_msgs/my_first_package_msgs/msg/detail/cmd_and_pose_vel__struct.hpp
[2.557s] -- Installing: /home/mk/ros2_study/src/my_first_package_msgs/install/my_first_package_msgs/include/my_first_package_msgs/my_first_package_msgs/msg/detail/cmd_and_pose_vel__traits.hpp
[2.557s] -- Up-to-date: /home/mk/ros2_study/src/my_first_package_msgs/install/my_first_package_msgs/include/my_first_package_msgs/my_first_package_msgs/srv
[2.557s] -- Installing: /home/mk/ros2_study/src/my_first_package_msgs/install/my_first_package_msgs/include/my_first_package_msgs/my_first_package_msgs/srv/multi_spawn.hpp
[2.557s] -- Up-to-date: /home/mk/ros2_study/src/my_first_package_msgs/install/my_first_package_msgs/include/my_first_package_msgs/my_first_package_msgs/srv/detail
[2.557s] -- Installing: /home/mk/ros2_study/src/my_first_package_msgs/install/my_first_package_msgs/include/my_first_package_msgs/my_first_package_msgs/srv/detail/multi_spawn__struct.hpp
[2.557s] -- Installing: /home/mk/ros2_study/src/my_first_package_msgs/install/my_first_package_msgs/include/my_first_package_msgs/my_first_package_msgs/srv/detail/multi_spawn__traits.hpp
[2.557s] -- Installing: /home/mk/ros2_study/src/my_first_package_msgs/install/my_first_package_msgs/include/my_first_package_msgs/my_first_package_msgs/srv/detail/multi_spawn__builder.hpp
[2.557s] -- Up-to-date: /home/mk/ros2_study/src/my_first_package_msgs/install/my_first_package_msgs/include/my_first_package_msgs/my_first_package_msgs
[2.557s] -- Up-to-date: /home/mk/ros2_study/src/my_first_package_msgs/install/my_first_package_msgs/include/my_first_package_msgs/my_first_package_msgs/msg
[2.557s] -- Installing: /home/mk/ros2_study/src/my_first_package_msgs/install/my_first_package_msgs/include/my_first_package_msgs/my_first_package_msgs/msg/rosidl_typesupport_fastrtps_cpp__visibility_control.h
[2.558s] -- Up-to-date: /home/mk/ros2_study/src/my_first_package_msgs/install/my_first_package_msgs/include/my_first_package_msgs/my_first_package_msgs/msg/detail
[2.558s] -- Installing: /home/mk/ros2_study/src/my_first_package_msgs/install/my_first_package_msgs/include/my_first_package_msgs/my_first_package_msgs/msg/detail/dds_fastrtps
[2.558s] -- Installing: /home/mk/ros2_study/src/my_first_package_msgs/install/my_first_package_msgs/include/my_first_package_msgs/my_first_package_msgs/msg/detail/cmd_and_pose_vel__rosidl_typesupport_fastrtps_cpp.hpp
[2.558s] -- Up-to-date: /home/mk/ros2_study/src/my_first_package_msgs/install/my_first_package_msgs/include/my_first_package_msgs/my_first_package_msgs/srv
[2.558s] -- Up-to-date: /home/mk/ros2_study/src/my_first_package_msgs/install/my_first_package_msgs/include/my_first_package_msgs/my_first_package_msgs/srv/detail
[2.558s] -- Installing: /home/mk/ros2_study/src/my_first_package_msgs/install/my_first_package_msgs/include/my_first_package_msgs/my_first_package_msgs/srv/detail/dds_fastrtps
[2.558s] -- Installing: /home/mk/ros2_study/src/my_first_package_msgs/install/my_first_package_msgs/include/my_first_package_msgs/my_first_package_msgs/srv/detail/multi_spawn__rosidl_typesupport_fastrtps_cpp.hpp
[2.558s] -- Installing: /home/mk/ros2_study/src/my_first_package_msgs/install/my_first_package_msgs/lib/libmy_first_package_msgs__rosidl_typesupport_fastrtps_cpp.so
[2.558s] -- Set runtime path of "/home/mk/ros2_study/src/my_first_package_msgs/install/my_first_package_msgs/lib/libmy_first_package_msgs__rosidl_typesupport_fastrtps_cpp.so" to ""
[2.558s] -- Up-to-date: /home/mk/ros2_study/src/my_first_package_msgs/install/my_first_package_msgs/include/my_first_package_msgs/my_first_package_msgs
[2.558s] -- Up-to-date: /home/mk/ros2_study/src/my_first_package_msgs/install/my_first_package_msgs/include/my_first_package_msgs/my_first_package_msgs/msg
[2.558s] -- Up-to-date: /home/mk/ros2_study/src/my_first_package_msgs/install/my_first_package_msgs/include/my_first_package_msgs/my_first_package_msgs/msg/detail
[2.558s] -- Installing: /home/mk/ros2_study/src/my_first_package_msgs/install/my_first_package_msgs/include/my_first_package_msgs/my_first_package_msgs/msg/detail/cmd_and_pose_vel__rosidl_typesupport_introspection_cpp.hpp
[2.558s] -- Installing: /home/mk/ros2_study/src/my_first_package_msgs/install/my_first_package_msgs/include/my_first_package_msgs/my_first_package_msgs/msg/detail/cmd_and_pose_vel__type_support.cpp
[2.558s] -- Up-to-date: /home/mk/ros2_study/src/my_first_package_msgs/install/my_first_package_msgs/include/my_first_package_msgs/my_first_package_msgs/srv
[2.558s] -- Up-to-date: /home/mk/ros2_study/src/my_first_package_msgs/install/my_first_package_msgs/include/my_first_package_msgs/my_first_package_msgs/srv/detail
[2.558s] -- Installing: /home/mk/ros2_study/src/my_first_package_msgs/install/my_first_package_msgs/include/my_first_package_msgs/my_first_package_msgs/srv/detail/multi_spawn__type_support.cpp
[2.558s] -- Installing: /home/mk/ros2_study/src/my_first_package_msgs/install/my_first_package_msgs/include/my_first_package_msgs/my_first_package_msgs/srv/detail/multi_spawn__rosidl_typesupport_introspection_cpp.hpp
[2.558s] -- Installing: /home/mk/ros2_study/src/my_first_package_msgs/install/my_first_package_msgs/lib/libmy_first_package_msgs__rosidl_typesupport_introspection_cpp.so
[2.558s] -- Set runtime path of "/home/mk/ros2_study/src/my_first_package_msgs/install/my_first_package_msgs/lib/libmy_first_package_msgs__rosidl_typesupport_introspection_cpp.so" to ""
[2.558s] -- Installing: /home/mk/ros2_study/src/my_first_package_msgs/install/my_first_package_msgs/lib/libmy_first_package_msgs__rosidl_typesupport_cpp.so
[2.558s] -- Set runtime path of "/home/mk/ros2_study/src/my_first_package_msgs/install/my_first_package_msgs/lib/libmy_first_package_msgs__rosidl_typesupport_cpp.so" to ""
[2.558s] -- Installing: /home/mk/ros2_study/src/my_first_package_msgs/install/my_first_package_msgs/share/my_first_package_msgs/environment/pythonpath.sh
[2.558s] -- Installing: /home/mk/ros2_study/src/my_first_package_msgs/install/my_first_package_msgs/share/my_first_package_msgs/environment/pythonpath.dsv
[2.558s] -- Installing: /home/mk/ros2_study/src/my_first_package_msgs/install/my_first_package_msgs/local/lib/python3.10/dist-packages/my_first_package_msgs-0.0.0-py3.10.egg-info
[2.558s] -- Installing: /home/mk/ros2_study/src/my_first_package_msgs/install/my_first_package_msgs/local/lib/python3.10/dist-packages/my_first_package_msgs-0.0.0-py3.10.egg-info/SOURCES.txt
[2.558s] -- Installing: /home/mk/ros2_study/src/my_first_package_msgs/install/my_first_package_msgs/local/lib/python3.10/dist-packages/my_first_package_msgs-0.0.0-py3.10.egg-info/top_level.txt
[2.558s] -- Installing: /home/mk/ros2_study/src/my_first_package_msgs/install/my_first_package_msgs/local/lib/python3.10/dist-packages/my_first_package_msgs-0.0.0-py3.10.egg-info/dependency_links.txt
[2.558s] -- Installing: /home/mk/ros2_study/src/my_first_package_msgs/install/my_first_package_msgs/local/lib/python3.10/dist-packages/my_first_package_msgs-0.0.0-py3.10.egg-info/PKG-INFO
[2.558s] -- Installing: /home/mk/ros2_study/src/my_first_package_msgs/install/my_first_package_msgs/local/lib/python3.10/dist-packages/my_first_package_msgs
[2.558s] -- Installing: /home/mk/ros2_study/src/my_first_package_msgs/install/my_first_package_msgs/local/lib/python3.10/dist-packages/my_first_package_msgs/_my_first_package_msgs_s.ep.rosidl_typesupport_c.c
[2.558s] -- Installing: /home/mk/ros2_study/src/my_first_package_msgs/install/my_first_package_msgs/local/lib/python3.10/dist-packages/my_first_package_msgs/msg
[2.558s] -- Installing: /home/mk/ros2_study/src/my_first_package_msgs/install/my_first_package_msgs/local/lib/python3.10/dist-packages/my_first_package_msgs/msg/_cmd_and_pose_vel_s.c
[2.559s] -- Installing: /home/mk/ros2_study/src/my_first_package_msgs/install/my_first_package_msgs/local/lib/python3.10/dist-packages/my_first_package_msgs/msg/_cmd_and_pose_vel.py
[2.559s] -- Installing: /home/mk/ros2_study/src/my_first_package_msgs/install/my_first_package_msgs/local/lib/python3.10/dist-packages/my_first_package_msgs/msg/__init__.py
[2.559s] -- Installing: /home/mk/ros2_study/src/my_first_package_msgs/install/my_first_package_msgs/local/lib/python3.10/dist-packages/my_first_package_msgs/my_first_package_msgs_s__rosidl_typesupport_introspection_c.cpython-310-x86_64-linux-gnu.so
[2.559s] -- Installing: /home/mk/ros2_study/src/my_first_package_msgs/install/my_first_package_msgs/local/lib/python3.10/dist-packages/my_first_package_msgs/my_first_package_msgs_s__rosidl_typesupport_c.cpython-310-x86_64-linux-gnu.so
[2.559s] -- Installing: /home/mk/ros2_study/src/my_first_package_msgs/install/my_first_package_msgs/local/lib/python3.10/dist-packages/my_first_package_msgs/srv
[2.559s] -- Installing: /home/mk/ros2_study/src/my_first_package_msgs/install/my_first_package_msgs/local/lib/python3.10/dist-packages/my_first_package_msgs/srv/_multi_spawn.py
[2.559s] -- Installing: /home/mk/ros2_study/src/my_first_package_msgs/install/my_first_package_msgs/local/lib/python3.10/dist-packages/my_first_package_msgs/srv/__init__.py
[2.559s] -- Installing: /home/mk/ros2_study/src/my_first_package_msgs/install/my_first_package_msgs/local/lib/python3.10/dist-packages/my_first_package_msgs/srv/_multi_spawn_s.c
[2.559s] -- Installing: /home/mk/ros2_study/src/my_first_package_msgs/install/my_first_package_msgs/local/lib/python3.10/dist-packages/my_first_package_msgs/_my_first_package_msgs_s.ep.rosidl_typesupport_introspection_c.c
[2.559s] -- Installing: /home/mk/ros2_study/src/my_first_package_msgs/install/my_first_package_msgs/local/lib/python3.10/dist-packages/my_first_package_msgs/my_first_package_msgs_s__rosidl_typesupport_fastrtps_c.cpython-310-x86_64-linux-gnu.so
[2.559s] -- Installing: /home/mk/ros2_study/src/my_first_package_msgs/install/my_first_package_msgs/local/lib/python3.10/dist-packages/my_first_package_msgs/__init__.py
[2.559s] -- Installing: /home/mk/ros2_study/src/my_first_package_msgs/install/my_first_package_msgs/local/lib/python3.10/dist-packages/my_first_package_msgs/libmy_first_package_msgs__rosidl_generator_py.so
[2.559s] -- Installing: /home/mk/ros2_study/src/my_first_package_msgs/install/my_first_package_msgs/local/lib/python3.10/dist-packages/my_first_package_msgs/_my_first_package_msgs_s.ep.rosidl_typesupport_fastrtps_c.c
[2.581s] Listing '/home/mk/ros2_study/src/my_first_package_msgs/install/my_first_package_msgs/local/lib/python3.10/dist-packages/my_first_package_msgs'...
[2.581s] Compiling '/home/mk/ros2_study/src/my_first_package_msgs/install/my_first_package_msgs/local/lib/python3.10/dist-packages/my_first_package_msgs/__init__.py'...
[2.581s] Listing '/home/mk/ros2_study/src/my_first_package_msgs/install/my_first_package_msgs/local/lib/python3.10/dist-packages/my_first_package_msgs/msg'...
[2.581s] Compiling '/home/mk/ros2_study/src/my_first_package_msgs/install/my_first_package_msgs/local/lib/python3.10/dist-packages/my_first_package_msgs/msg/__init__.py'...
[2.581s] Compiling '/home/mk/ros2_study/src/my_first_package_msgs/install/my_first_package_msgs/local/lib/python3.10/dist-packages/my_first_package_msgs/msg/_cmd_and_pose_vel.py'...
[2.581s] Listing '/home/mk/ros2_study/src/my_first_package_msgs/install/my_first_package_msgs/local/lib/python3.10/dist-packages/my_first_package_msgs/srv'...
[2.582s] Compiling '/home/mk/ros2_study/src/my_first_package_msgs/install/my_first_package_msgs/local/lib/python3.10/dist-packages/my_first_package_msgs/srv/__init__.py'...
[2.582s] Compiling '/home/mk/ros2_study/src/my_first_package_msgs/install/my_first_package_msgs/local/lib/python3.10/dist-packages/my_first_package_msgs/srv/_multi_spawn.py'...
[2.585s] -- Installing: /home/mk/ros2_study/src/my_first_package_msgs/install/my_first_package_msgs/local/lib/python3.10/dist-packages/my_first_package_msgs/my_first_package_msgs_s__rosidl_typesupport_fastrtps_c.cpython-310-x86_64-linux-gnu.so
[2.585s] -- Set runtime path of "/home/mk/ros2_study/src/my_first_package_msgs/install/my_first_package_msgs/local/lib/python3.10/dist-packages/my_first_package_msgs/my_first_package_msgs_s__rosidl_typesupport_fastrtps_c.cpython-310-x86_64-linux-gnu.so" to ""
[2.585s] -- Installing: /home/mk/ros2_study/src/my_first_package_msgs/install/my_first_package_msgs/local/lib/python3.10/dist-packages/my_first_package_msgs/my_first_package_msgs_s__rosidl_typesupport_introspection_c.cpython-310-x86_64-linux-gnu.so
[2.585s] -- Set runtime path of "/home/mk/ros2_study/src/my_first_package_msgs/install/my_first_package_msgs/local/lib/python3.10/dist-packages/my_first_package_msgs/my_first_package_msgs_s__rosidl_typesupport_introspection_c.cpython-310-x86_64-linux-gnu.so" to ""
[2.585s] -- Installing: /home/mk/ros2_study/src/my_first_package_msgs/install/my_first_package_msgs/local/lib/python3.10/dist-packages/my_first_package_msgs/my_first_package_msgs_s__rosidl_typesupport_c.cpython-310-x86_64-linux-gnu.so
[2.585s] -- Set runtime path of "/home/mk/ros2_study/src/my_first_package_msgs/install/my_first_package_msgs/local/lib/python3.10/dist-packages/my_first_package_msgs/my_first_package_msgs_s__rosidl_typesupport_c.cpython-310-x86_64-linux-gnu.so" to ""
[2.585s] -- Installing: /home/mk/ros2_study/src/my_first_package_msgs/install/my_first_package_msgs/lib/libmy_first_package_msgs__rosidl_generator_py.so
[2.585s] -- Set runtime path of "/home/mk/ros2_study/src/my_first_package_msgs/install/my_first_package_msgs/lib/libmy_first_package_msgs__rosidl_generator_py.so" to ""
[2.586s] -- Installing: /home/mk/ros2_study/src/my_first_package_msgs/install/my_first_package_msgs/share/my_first_package_msgs/msg/CmdAndPoseVel.idl
[2.586s] -- Installing: /home/mk/ros2_study/src/my_first_package_msgs/install/my_first_package_msgs/share/my_first_package_msgs/srv/MultiSpawn.idl
[2.586s] -- Installing: /home/mk/ros2_study/src/my_first_package_msgs/install/my_first_package_msgs/share/my_first_package_msgs/msg/CmdAndPoseVel.msg
[2.586s] -- Installing: /home/mk/ros2_study/src/my_first_package_msgs/install/my_first_package_msgs/share/my_first_package_msgs/srv/MultiSpawn.srv
[2.586s] -- Installing: /home/mk/ros2_study/src/my_first_package_msgs/install/my_first_package_msgs/share/my_first_package_msgs/srv/MultiSpawn_Request.msg
[2.586s] -- Installing: /home/mk/ros2_study/src/my_first_package_msgs/install/my_first_package_msgs/share/my_first_package_msgs/srv/MultiSpawn_Response.msg
[2.586s] -- Installing: /home/mk/ros2_study/src/my_first_package_msgs/install/my_first_package_msgs/share/ament_index/resource_index/package_run_dependencies/my_first_package_msgs
[2.586s] -- Installing: /home/mk/ros2_study/src/my_first_package_msgs/install/my_first_package_msgs/share/ament_index/resource_index/parent_prefix_path/my_first_package_msgs
[2.586s] -- Installing: /home/mk/ros2_study/src/my_first_package_msgs/install/my_first_package_msgs/share/my_first_package_msgs/environment/ament_prefix_path.sh
[2.586s] -- Installing: /home/mk/ros2_study/src/my_first_package_msgs/install/my_first_package_msgs/share/my_first_package_msgs/environment/ament_prefix_path.dsv
[2.586s] -- Installing: /home/mk/ros2_study/src/my_first_package_msgs/install/my_first_package_msgs/share/my_first_package_msgs/environment/path.sh
[2.586s] -- Installing: /home/mk/ros2_study/src/my_first_package_msgs/install/my_first_package_msgs/share/my_first_package_msgs/environment/path.dsv
[2.586s] -- Installing: /home/mk/ros2_study/src/my_first_package_msgs/install/my_first_package_msgs/share/my_first_package_msgs/local_setup.bash
[2.587s] -- Installing: /home/mk/ros2_study/src/my_first_package_msgs/install/my_first_package_msgs/share/my_first_package_msgs/local_setup.sh
[2.587s] -- Installing: /home/mk/ros2_study/src/my_first_package_msgs/install/my_first_package_msgs/share/my_first_package_msgs/local_setup.zsh
[2.587s] -- Installing: /home/mk/ros2_study/src/my_first_package_msgs/install/my_first_package_msgs/share/my_first_package_msgs/local_setup.dsv
[2.587s] -- Installing: /home/mk/ros2_study/src/my_first_package_msgs/install/my_first_package_msgs/share/my_first_package_msgs/package.dsv
[2.587s] -- Installing: /home/mk/ros2_study/src/my_first_package_msgs/install/my_first_package_msgs/share/ament_index/resource_index/packages/my_first_package_msgs
[2.587s] -- Installing: /home/mk/ros2_study/src/my_first_package_msgs/install/my_first_package_msgs/share/my_first_package_msgs/cmake/export_my_first_package_msgs__rosidl_generator_cExport.cmake
[2.587s] -- Installing: /home/mk/ros2_study/src/my_first_package_msgs/install/my_first_package_msgs/share/my_first_package_msgs/cmake/export_my_first_package_msgs__rosidl_generator_cExport-noconfig.cmake
[2.587s] -- Installing: /home/mk/ros2_study/src/my_first_package_msgs/install/my_first_package_msgs/share/my_first_package_msgs/cmake/export_my_first_package_msgs__rosidl_typesupport_fastrtps_cExport.cmake
[2.587s] -- Installing: /home/mk/ros2_study/src/my_first_package_msgs/install/my_first_package_msgs/share/my_first_package_msgs/cmake/export_my_first_package_msgs__rosidl_typesupport_fastrtps_cExport-noconfig.cmake
[2.587s] -- Installing: /home/mk/ros2_study/src/my_first_package_msgs/install/my_first_package_msgs/share/my_first_package_msgs/cmake/my_first_package_msgs__rosidl_typesupport_introspection_cExport.cmake
[2.587s] -- Installing: /home/mk/ros2_study/src/my_first_package_msgs/install/my_first_package_msgs/share/my_first_package_msgs/cmake/my_first_package_msgs__rosidl_typesupport_introspection_cExport-noconfig.cmake
[2.587s] -- Installing: /home/mk/ros2_study/src/my_first_package_msgs/install/my_first_package_msgs/share/my_first_package_msgs/cmake/my_first_package_msgs__rosidl_typesupport_cExport.cmake
[2.587s] -- Installing: /home/mk/ros2_study/src/my_first_package_msgs/install/my_first_package_msgs/share/my_first_package_msgs/cmake/my_first_package_msgs__rosidl_typesupport_cExport-noconfig.cmake
[2.587s] -- Installing: /home/mk/ros2_study/src/my_first_package_msgs/install/my_first_package_msgs/share/my_first_package_msgs/cmake/export_my_first_package_msgs__rosidl_generator_cppExport.cmake
[2.587s] -- Installing: /home/mk/ros2_study/src/my_first_package_msgs/install/my_first_package_msgs/share/my_first_package_msgs/cmake/export_my_first_package_msgs__rosidl_typesupport_fastrtps_cppExport.cmake
[2.588s] -- Installing: /home/mk/ros2_study/src/my_first_package_msgs/install/my_first_package_msgs/share/my_first_package_msgs/cmake/export_my_first_package_msgs__rosidl_typesupport_fastrtps_cppExport-noconfig.cmake
[2.588s] -- Installing: /home/mk/ros2_study/src/my_first_package_msgs/install/my_first_package_msgs/share/my_first_package_msgs/cmake/my_first_package_msgs__rosidl_typesupport_introspection_cppExport.cmake
[2.588s] -- Installing: /home/mk/ros2_study/src/my_first_package_msgs/install/my_first_package_msgs/share/my_first_package_msgs/cmake/my_first_package_msgs__rosidl_typesupport_introspection_cppExport-noconfig.cmake
[2.588s] -- Installing: /home/mk/ros2_study/src/my_first_package_msgs/install/my_first_package_msgs/share/my_first_package_msgs/cmake/my_first_package_msgs__rosidl_typesupport_cppExport.cmake
[2.588s] -- Installing: /home/mk/ros2_study/src/my_first_package_msgs/install/my_first_package_msgs/share/my_first_package_msgs/cmake/my_first_package_msgs__rosidl_typesupport_cppExport-noconfig.cmake
[2.588s] -- Installing: /home/mk/ros2_study/src/my_first_package_msgs/install/my_first_package_msgs/share/my_first_package_msgs/cmake/export_my_first_package_msgs__rosidl_generator_pyExport.cmake
[2.588s] -- Installing: /home/mk/ros2_study/src/my_first_package_msgs/install/my_first_package_msgs/share/my_first_package_msgs/cmake/export_my_first_package_msgs__rosidl_generator_pyExport-noconfig.cmake
[2.588s] -- Installing: /home/mk/ros2_study/src/my_first_package_msgs/install/my_first_package_msgs/share/my_first_package_msgs/cmake/rosidl_cmake-extras.cmake
[2.588s] -- Installing: /home/mk/ros2_study/src/my_first_package_msgs/install/my_first_package_msgs/share/my_first_package_msgs/cmake/ament_cmake_export_include_directories-extras.cmake
[2.588s] -- Installing: /home/mk/ros2_study/src/my_first_package_msgs/install/my_first_package_msgs/share/my_first_package_msgs/cmake/ament_cmake_export_libraries-extras.cmake
[2.588s] -- Installing: /home/mk/ros2_study/src/my_first_package_msgs/install/my_first_package_msgs/share/my_first_package_msgs/cmake/ament_cmake_export_targets-extras.cmake
[2.588s] -- Installing: /home/mk/ros2_study/src/my_first_package_msgs/install/my_first_package_msgs/share/my_first_package_msgs/cmake/rosidl_cmake_export_typesupport_targets-extras.cmake
[2.588s] -- Installing: /home/mk/ros2_study/src/my_first_package_msgs/install/my_first_package_msgs/share/my_first_package_msgs/cmake/ament_cmake_export_dependencies-extras.cmake
[2.588s] -- Installing: /home/mk/ros2_study/src/my_first_package_msgs/install/my_first_package_msgs/share/my_first_package_msgs/cmake/rosidl_cmake_export_typesupport_libraries-extras.cmake
[2.588s] -- Installing: /home/mk/ros2_study/src/my_first_package_msgs/install/my_first_package_msgs/share/my_first_package_msgs/cmake/my_first_package_msgsConfig.cmake
[2.588s] -- Installing: /home/mk/ros2_study/src/my_first_package_msgs/install/my_first_package_msgs/share/my_first_package_msgs/cmake/my_first_package_msgsConfig-version.cmake
[2.589s] -- Installing: /home/mk/ros2_study/src/my_first_package_msgs/install/my_first_package_msgs/share/my_first_package_msgs/package.xml
[2.590s] Invoked command in '/home/mk/ros2_study/src/my_first_package_msgs/build/my_first_package_msgs' returned '0': CMAKE_PREFIX_PATH=${CMAKE_PREFIX_PATH}:/home/mk/ros2_study/install/my_first_package:/opt/ros/humble /usr/bin/cmake --install /home/mk/ros2_study/src/my_first_package_msgs/build/my_first_package_msgs
