[0.155s] Invoking command in '/home/mk/ros2_study/build/my_first_package_msgs': CMAKE_PREFIX_PATH=${CMAKE_PREFIX_PATH}:/home/mk/ros2_study/install/my_first_package:/opt/ros/humble /usr/bin/cmake --build /home/mk/ros2_study/build/my_first_package_msgs -- -j16 -l16
[0.195s] [ 12%] Built target my_first_package_msgs__rosidl_generator_c
[0.195s] [ 12%] Built target my_first_package_msgs__cpp
[0.203s] [ 12%] Built target ament_cmake_python_copy_my_first_package_msgs
[0.208s] [ 23%] Built target my_first_package_msgs__rosidl_typesupport_c
[0.210s] [ 33%] Built target my_first_package_msgs__rosidl_typesupport_introspection_cpp
[0.211s] [ 43%] Built target my_first_package_msgs__rosidl_typesupport_fastrtps_cpp
[0.212s] [ 53%] Built target my_first_package_msgs__rosidl_typesupport_introspection_c
[0.213s] [ 64%] Built target my_first_package_msgs__rosidl_typesupport_fastrtps_c
[0.222s] [ 74%] Built target my_first_package_msgs__rosidl_typesupport_cpp
[0.238s] [ 74%] Built target my_first_package_msgs
[0.253s] [ 76%] Built target my_first_package_msgs__py
[0.271s] [ 84%] Built target my_first_package_msgs__rosidl_generator_py
[0.289s] [ 94%] Built target my_first_package_msgs__rosidl_typesupport_fastrtps_c__pyext
[0.289s] [ 94%] Built target my_first_package_msgs__rosidl_typesupport_c__pyext
[0.291s] [100%] Built target my_first_package_msgs__rosidl_typesupport_introspection_c__pyext
[0.366s] running egg_info
[0.367s] writing my_first_package_msgs.egg-info/PKG-INFO
[0.367s] writing dependency_links to my_first_package_msgs.egg-info/dependency_links.txt
[0.367s] writing top-level names to my_first_package_msgs.egg-info/top_level.txt
[0.368s] reading manifest file 'my_first_package_msgs.egg-info/SOURCES.txt'
[0.369s] writing manifest file 'my_first_package_msgs.egg-info/SOURCES.txt'
[0.388s] [100%] Built target ament_cmake_python_build_my_first_package_msgs_egg
[0.395s] Invoked command in '/home/mk/ros2_study/build/my_first_package_msgs' returned '0': CMAKE_PREFIX_PATH=${CMAKE_PREFIX_PATH}:/home/mk/ros2_study/install/my_first_package:/opt/ros/humble /usr/bin/cmake --build /home/mk/ros2_study/build/my_first_package_msgs -- -j16 -l16
[0.455s] Invoking command in '/home/mk/ros2_study/build/my_first_package_msgs': CMAKE_PREFIX_PATH=${CMAKE_PREFIX_PATH}:/home/mk/ros2_study/install/my_first_package:/opt/ros/humble /usr/bin/cmake --install /home/mk/ros2_study/build/my_first_package_msgs
[0.461s] -- Install configuration: ""
[0.461s] -- Up-to-date: /home/mk/ros2_study/install/my_first_package_msgs/share/ament_index/resource_index/rosidl_interfaces/my_first_package_msgs
[0.461s] -- Up-to-date: /home/mk/ros2_study/install/my_first_package_msgs/include/my_first_package_msgs/my_first_package_msgs
[0.461s] -- Up-to-date: /home/mk/ros2_study/install/my_first_package_msgs/include/my_first_package_msgs/my_first_package_msgs/msg
[0.461s] -- Up-to-date: /home/mk/ros2_study/install/my_first_package_msgs/include/my_first_package_msgs/my_first_package_msgs/msg/rosidl_generator_c__visibility_control.h
[0.461s] -- Up-to-date: /home/mk/ros2_study/install/my_first_package_msgs/include/my_first_package_msgs/my_first_package_msgs/msg/cmd_and_pose_vel.h
[0.461s] -- Up-to-date: /home/mk/ros2_study/install/my_first_package_msgs/include/my_first_package_msgs/my_first_package_msgs/msg/detail
[0.461s] -- Up-to-date: /home/mk/ros2_study/install/my_first_package_msgs/include/my_first_package_msgs/my_first_package_msgs/msg/detail/cmd_and_pose_vel__functions.h
[0.461s] -- Up-to-date: /home/mk/ros2_study/install/my_first_package_msgs/include/my_first_package_msgs/my_first_package_msgs/msg/detail/cmd_and_pose_vel__type_support.h
[0.461s] -- Up-to-date: /home/mk/ros2_study/install/my_first_package_msgs/include/my_first_package_msgs/my_first_package_msgs/msg/detail/cmd_and_pose_vel__functions.c
[0.461s] -- Up-to-date: /home/mk/ros2_study/install/my_first_package_msgs/include/my_first_package_msgs/my_first_package_msgs/msg/detail/cmd_and_pose_vel__struct.h
[0.461s] -- Up-to-date: /home/mk/ros2_study/install/my_first_package_msgs/include/my_first_package_msgs/my_first_package_msgs/srv
[0.461s] -- Up-to-date: /home/mk/ros2_study/install/my_first_package_msgs/include/my_first_package_msgs/my_first_package_msgs/srv/detail
[0.461s] -- Up-to-date: /home/mk/ros2_study/install/my_first_package_msgs/include/my_first_package_msgs/my_first_package_msgs/srv/detail/multi_spawn__struct.h
[0.461s] -- Up-to-date: /home/mk/ros2_study/install/my_first_package_msgs/include/my_first_package_msgs/my_first_package_msgs/srv/detail/multi_spawn__functions.c
[0.461s] -- Up-to-date: /home/mk/ros2_study/install/my_first_package_msgs/include/my_first_package_msgs/my_first_package_msgs/srv/detail/multi_spawn__type_support.h
[0.461s] -- Up-to-date: /home/mk/ros2_study/install/my_first_package_msgs/include/my_first_package_msgs/my_first_package_msgs/srv/detail/multi_spawn__functions.h
[0.461s] -- Up-to-date: /home/mk/ros2_study/install/my_first_package_msgs/include/my_first_package_msgs/my_first_package_msgs/srv/multi_spawn.h
[0.461s] -- Up-to-date: /home/mk/ros2_study/install/my_first_package_msgs/share/my_first_package_msgs/environment/library_path.sh
[0.462s] -- Up-to-date: /home/mk/ros2_study/install/my_first_package_msgs/share/my_first_package_msgs/environment/library_path.dsv
[0.462s] -- Up-to-date: /home/mk/ros2_study/install/my_first_package_msgs/lib/libmy_first_package_msgs__rosidl_generator_c.so
[0.462s] -- Up-to-date: /home/mk/ros2_study/install/my_first_package_msgs/include/my_first_package_msgs/my_first_package_msgs
[0.462s] -- Up-to-date: /home/mk/ros2_study/install/my_first_package_msgs/include/my_first_package_msgs/my_first_package_msgs/msg
[0.462s] -- Up-to-date: /home/mk/ros2_study/install/my_first_package_msgs/include/my_first_package_msgs/my_first_package_msgs/msg/rosidl_typesupport_fastrtps_c__visibility_control.h
[0.462s] -- Up-to-date: /home/mk/ros2_study/install/my_first_package_msgs/include/my_first_package_msgs/my_first_package_msgs/msg/detail
[0.462s] -- Up-to-date: /home/mk/ros2_study/install/my_first_package_msgs/include/my_first_package_msgs/my_first_package_msgs/msg/detail/cmd_and_pose_vel__rosidl_typesupport_fastrtps_c.h
[0.462s] -- Up-to-date: /home/mk/ros2_study/install/my_first_package_msgs/include/my_first_package_msgs/my_first_package_msgs/srv
[0.462s] -- Up-to-date: /home/mk/ros2_study/install/my_first_package_msgs/include/my_first_package_msgs/my_first_package_msgs/srv/detail
[0.462s] -- Up-to-date: /home/mk/ros2_study/install/my_first_package_msgs/include/my_first_package_msgs/my_first_package_msgs/srv/detail/multi_spawn__rosidl_typesupport_fastrtps_c.h
[0.462s] -- Up-to-date: /home/mk/ros2_study/install/my_first_package_msgs/lib/libmy_first_package_msgs__rosidl_typesupport_fastrtps_c.so
[0.462s] -- Up-to-date: /home/mk/ros2_study/install/my_first_package_msgs/include/my_first_package_msgs/my_first_package_msgs
[0.462s] -- Up-to-date: /home/mk/ros2_study/install/my_first_package_msgs/include/my_first_package_msgs/my_first_package_msgs/msg
[0.462s] -- Up-to-date: /home/mk/ros2_study/install/my_first_package_msgs/include/my_first_package_msgs/my_first_package_msgs/msg/rosidl_typesupport_introspection_c__visibility_control.h
[0.462s] -- Up-to-date: /home/mk/ros2_study/install/my_first_package_msgs/include/my_first_package_msgs/my_first_package_msgs/msg/detail
[0.462s] -- Up-to-date: /home/mk/ros2_study/install/my_first_package_msgs/include/my_first_package_msgs/my_first_package_msgs/msg/detail/cmd_and_pose_vel__type_support.c
[0.462s] -- Up-to-date: /home/mk/ros2_study/install/my_first_package_msgs/include/my_first_package_msgs/my_first_package_msgs/msg/detail/cmd_and_pose_vel__rosidl_typesupport_introspection_c.h
[0.462s] -- Up-to-date: /home/mk/ros2_study/install/my_first_package_msgs/include/my_first_package_msgs/my_first_package_msgs/srv
[0.462s] -- Up-to-date: /home/mk/ros2_study/install/my_first_package_msgs/include/my_first_package_msgs/my_first_package_msgs/srv/detail
[0.462s] -- Up-to-date: /home/mk/ros2_study/install/my_first_package_msgs/include/my_first_package_msgs/my_first_package_msgs/srv/detail/multi_spawn__rosidl_typesupport_introspection_c.h
[0.462s] -- Up-to-date: /home/mk/ros2_study/install/my_first_package_msgs/include/my_first_package_msgs/my_first_package_msgs/srv/detail/multi_spawn__type_support.c
[0.462s] -- Up-to-date: /home/mk/ros2_study/install/my_first_package_msgs/lib/libmy_first_package_msgs__rosidl_typesupport_introspection_c.so
[0.462s] -- Up-to-date: /home/mk/ros2_study/install/my_first_package_msgs/lib/libmy_first_package_msgs__rosidl_typesupport_c.so
[0.463s] -- Up-to-date: /home/mk/ros2_study/install/my_first_package_msgs/include/my_first_package_msgs/my_first_package_msgs
[0.463s] -- Up-to-date: /home/mk/ros2_study/install/my_first_package_msgs/include/my_first_package_msgs/my_first_package_msgs/msg
[0.463s] -- Up-to-date: /home/mk/ros2_study/install/my_first_package_msgs/include/my_first_package_msgs/my_first_package_msgs/msg/cmd_and_pose_vel.hpp
[0.463s] -- Up-to-date: /home/mk/ros2_study/install/my_first_package_msgs/include/my_first_package_msgs/my_first_package_msgs/msg/detail
[0.463s] -- Up-to-date: /home/mk/ros2_study/install/my_first_package_msgs/include/my_first_package_msgs/my_first_package_msgs/msg/detail/cmd_and_pose_vel__builder.hpp
[0.463s] -- Up-to-date: /home/mk/ros2_study/install/my_first_package_msgs/include/my_first_package_msgs/my_first_package_msgs/msg/detail/cmd_and_pose_vel__struct.hpp
[0.463s] -- Up-to-date: /home/mk/ros2_study/install/my_first_package_msgs/include/my_first_package_msgs/my_first_package_msgs/msg/detail/cmd_and_pose_vel__traits.hpp
[0.463s] -- Up-to-date: /home/mk/ros2_study/install/my_first_package_msgs/include/my_first_package_msgs/my_first_package_msgs/srv
[0.463s] -- Up-to-date: /home/mk/ros2_study/install/my_first_package_msgs/include/my_first_package_msgs/my_first_package_msgs/srv/multi_spawn.hpp
[0.463s] -- Up-to-date: /home/mk/ros2_study/install/my_first_package_msgs/include/my_first_package_msgs/my_first_package_msgs/srv/detail
[0.463s] -- Up-to-date: /home/mk/ros2_study/install/my_first_package_msgs/include/my_first_package_msgs/my_first_package_msgs/srv/detail/multi_spawn__struct.hpp
[0.463s] -- Up-to-date: /home/mk/ros2_study/install/my_first_package_msgs/include/my_first_package_msgs/my_first_package_msgs/srv/detail/multi_spawn__traits.hpp
[0.463s] -- Up-to-date: /home/mk/ros2_study/install/my_first_package_msgs/include/my_first_package_msgs/my_first_package_msgs/srv/detail/multi_spawn__builder.hpp
[0.463s] -- Up-to-date: /home/mk/ros2_study/install/my_first_package_msgs/include/my_first_package_msgs/my_first_package_msgs
[0.463s] -- Up-to-date: /home/mk/ros2_study/install/my_first_package_msgs/include/my_first_package_msgs/my_first_package_msgs/msg
[0.463s] -- Up-to-date: /home/mk/ros2_study/install/my_first_package_msgs/include/my_first_package_msgs/my_first_package_msgs/msg/rosidl_typesupport_fastrtps_cpp__visibility_control.h
[0.463s] -- Up-to-date: /home/mk/ros2_study/install/my_first_package_msgs/include/my_first_package_msgs/my_first_package_msgs/msg/detail
[0.463s] -- Up-to-date: /home/mk/ros2_study/install/my_first_package_msgs/include/my_first_package_msgs/my_first_package_msgs/msg/detail/dds_fastrtps
[0.463s] -- Up-to-date: /home/mk/ros2_study/install/my_first_package_msgs/include/my_first_package_msgs/my_first_package_msgs/msg/detail/cmd_and_pose_vel__rosidl_typesupport_fastrtps_cpp.hpp
[0.463s] -- Up-to-date: /home/mk/ros2_study/install/my_first_package_msgs/include/my_first_package_msgs/my_first_package_msgs/srv
[0.463s] -- Up-to-date: /home/mk/ros2_study/install/my_first_package_msgs/include/my_first_package_msgs/my_first_package_msgs/srv/detail
[0.463s] -- Up-to-date: /home/mk/ros2_study/install/my_first_package_msgs/include/my_first_package_msgs/my_first_package_msgs/srv/detail/dds_fastrtps
[0.463s] -- Up-to-date: /home/mk/ros2_study/install/my_first_package_msgs/include/my_first_package_msgs/my_first_package_msgs/srv/detail/multi_spawn__rosidl_typesupport_fastrtps_cpp.hpp
[0.463s] -- Up-to-date: /home/mk/ros2_study/install/my_first_package_msgs/lib/libmy_first_package_msgs__rosidl_typesupport_fastrtps_cpp.so
[0.463s] -- Up-to-date: /home/mk/ros2_study/install/my_first_package_msgs/include/my_first_package_msgs/my_first_package_msgs
[0.463s] -- Up-to-date: /home/mk/ros2_study/install/my_first_package_msgs/include/my_first_package_msgs/my_first_package_msgs/msg
[0.463s] -- Up-to-date: /home/mk/ros2_study/install/my_first_package_msgs/include/my_first_package_msgs/my_first_package_msgs/msg/detail
[0.463s] -- Up-to-date: /home/mk/ros2_study/install/my_first_package_msgs/include/my_first_package_msgs/my_first_package_msgs/msg/detail/cmd_and_pose_vel__rosidl_typesupport_introspection_cpp.hpp
[0.463s] -- Up-to-date: /home/mk/ros2_study/install/my_first_package_msgs/include/my_first_package_msgs/my_first_package_msgs/msg/detail/cmd_and_pose_vel__type_support.cpp
[0.463s] -- Up-to-date: /home/mk/ros2_study/install/my_first_package_msgs/include/my_first_package_msgs/my_first_package_msgs/srv
[0.463s] -- Up-to-date: /home/mk/ros2_study/install/my_first_package_msgs/include/my_first_package_msgs/my_first_package_msgs/srv/detail
[0.463s] -- Up-to-date: /home/mk/ros2_study/install/my_first_package_msgs/include/my_first_package_msgs/my_first_package_msgs/srv/detail/multi_spawn__type_support.cpp
[0.463s] -- Up-to-date: /home/mk/ros2_study/install/my_first_package_msgs/include/my_first_package_msgs/my_first_package_msgs/srv/detail/multi_spawn__rosidl_typesupport_introspection_cpp.hpp
[0.463s] -- Up-to-date: /home/mk/ros2_study/install/my_first_package_msgs/lib/libmy_first_package_msgs__rosidl_typesupport_introspection_cpp.so
[0.464s] -- Up-to-date: /home/mk/ros2_study/install/my_first_package_msgs/lib/libmy_first_package_msgs__rosidl_typesupport_cpp.so
[0.464s] -- Up-to-date: /home/mk/ros2_study/install/my_first_package_msgs/share/my_first_package_msgs/environment/pythonpath.sh
[0.464s] -- Up-to-date: /home/mk/ros2_study/install/my_first_package_msgs/share/my_first_package_msgs/environment/pythonpath.dsv
[0.464s] -- Up-to-date: /home/mk/ros2_study/install/my_first_package_msgs/local/lib/python3.10/dist-packages/my_first_package_msgs-0.0.0-py3.10.egg-info
[0.464s] -- Installing: /home/mk/ros2_study/install/my_first_package_msgs/local/lib/python3.10/dist-packages/my_first_package_msgs-0.0.0-py3.10.egg-info/SOURCES.txt
[0.464s] -- Installing: /home/mk/ros2_study/install/my_first_package_msgs/local/lib/python3.10/dist-packages/my_first_package_msgs-0.0.0-py3.10.egg-info/top_level.txt
[0.464s] -- Installing: /home/mk/ros2_study/install/my_first_package_msgs/local/lib/python3.10/dist-packages/my_first_package_msgs-0.0.0-py3.10.egg-info/dependency_links.txt
[0.464s] -- Installing: /home/mk/ros2_study/install/my_first_package_msgs/local/lib/python3.10/dist-packages/my_first_package_msgs-0.0.0-py3.10.egg-info/PKG-INFO
[0.464s] -- Up-to-date: /home/mk/ros2_study/install/my_first_package_msgs/local/lib/python3.10/dist-packages/my_first_package_msgs
[0.464s] -- Up-to-date: /home/mk/ros2_study/install/my_first_package_msgs/local/lib/python3.10/dist-packages/my_first_package_msgs/_my_first_package_msgs_s.ep.rosidl_typesupport_c.c
[0.464s] -- Up-to-date: /home/mk/ros2_study/install/my_first_package_msgs/local/lib/python3.10/dist-packages/my_first_package_msgs/msg
[0.464s] -- Up-to-date: /home/mk/ros2_study/install/my_first_package_msgs/local/lib/python3.10/dist-packages/my_first_package_msgs/msg/_cmd_and_pose_vel_s.c
[0.464s] -- Up-to-date: /home/mk/ros2_study/install/my_first_package_msgs/local/lib/python3.10/dist-packages/my_first_package_msgs/msg/_cmd_and_pose_vel.py
[0.464s] -- Up-to-date: /home/mk/ros2_study/install/my_first_package_msgs/local/lib/python3.10/dist-packages/my_first_package_msgs/msg/__init__.py
[0.464s] -- Up-to-date: /home/mk/ros2_study/install/my_first_package_msgs/local/lib/python3.10/dist-packages/my_first_package_msgs/my_first_package_msgs_s__rosidl_typesupport_introspection_c.cpython-310-x86_64-linux-gnu.so
[0.464s] -- Up-to-date: /home/mk/ros2_study/install/my_first_package_msgs/local/lib/python3.10/dist-packages/my_first_package_msgs/my_first_package_msgs_s__rosidl_typesupport_c.cpython-310-x86_64-linux-gnu.so
[0.464s] -- Up-to-date: /home/mk/ros2_study/install/my_first_package_msgs/local/lib/python3.10/dist-packages/my_first_package_msgs/srv
[0.464s] -- Up-to-date: /home/mk/ros2_study/install/my_first_package_msgs/local/lib/python3.10/dist-packages/my_first_package_msgs/srv/_multi_spawn.py
[0.464s] -- Up-to-date: /home/mk/ros2_study/install/my_first_package_msgs/local/lib/python3.10/dist-packages/my_first_package_msgs/srv/__init__.py
[0.464s] -- Up-to-date: /home/mk/ros2_study/install/my_first_package_msgs/local/lib/python3.10/dist-packages/my_first_package_msgs/srv/_multi_spawn_s.c
[0.464s] -- Up-to-date: /home/mk/ros2_study/install/my_first_package_msgs/local/lib/python3.10/dist-packages/my_first_package_msgs/_my_first_package_msgs_s.ep.rosidl_typesupport_introspection_c.c
[0.464s] -- Up-to-date: /home/mk/ros2_study/install/my_first_package_msgs/local/lib/python3.10/dist-packages/my_first_package_msgs/my_first_package_msgs_s__rosidl_typesupport_fastrtps_c.cpython-310-x86_64-linux-gnu.so
[0.464s] -- Up-to-date: /home/mk/ros2_study/install/my_first_package_msgs/local/lib/python3.10/dist-packages/my_first_package_msgs/__init__.py
[0.464s] -- Up-to-date: /home/mk/ros2_study/install/my_first_package_msgs/local/lib/python3.10/dist-packages/my_first_package_msgs/libmy_first_package_msgs__rosidl_generator_py.so
[0.464s] -- Up-to-date: /home/mk/ros2_study/install/my_first_package_msgs/local/lib/python3.10/dist-packages/my_first_package_msgs/_my_first_package_msgs_s.ep.rosidl_typesupport_fastrtps_c.c
[0.485s] Listing '/home/mk/ros2_study/install/my_first_package_msgs/local/lib/python3.10/dist-packages/my_first_package_msgs'...
[0.485s] Listing '/home/mk/ros2_study/install/my_first_package_msgs/local/lib/python3.10/dist-packages/my_first_package_msgs/msg'...
[0.485s] Listing '/home/mk/ros2_study/install/my_first_package_msgs/local/lib/python3.10/dist-packages/my_first_package_msgs/srv'...
[0.488s] -- Up-to-date: /home/mk/ros2_study/install/my_first_package_msgs/local/lib/python3.10/dist-packages/my_first_package_msgs/my_first_package_msgs_s__rosidl_typesupport_fastrtps_c.cpython-310-x86_64-linux-gnu.so
[0.488s] -- Up-to-date: /home/mk/ros2_study/install/my_first_package_msgs/local/lib/python3.10/dist-packages/my_first_package_msgs/my_first_package_msgs_s__rosidl_typesupport_introspection_c.cpython-310-x86_64-linux-gnu.so
[0.488s] -- Up-to-date: /home/mk/ros2_study/install/my_first_package_msgs/local/lib/python3.10/dist-packages/my_first_package_msgs/my_first_package_msgs_s__rosidl_typesupport_c.cpython-310-x86_64-linux-gnu.so
[0.488s] -- Up-to-date: /home/mk/ros2_study/install/my_first_package_msgs/lib/libmy_first_package_msgs__rosidl_generator_py.so
[0.488s] -- Up-to-date: /home/mk/ros2_study/install/my_first_package_msgs/share/my_first_package_msgs/msg/CmdAndPoseVel.idl
[0.488s] -- Up-to-date: /home/mk/ros2_study/install/my_first_package_msgs/share/my_first_package_msgs/srv/MultiSpawn.idl
[0.488s] -- Up-to-date: /home/mk/ros2_study/install/my_first_package_msgs/share/my_first_package_msgs/msg/CmdAndPoseVel.msg
[0.488s] -- Up-to-date: /home/mk/ros2_study/install/my_first_package_msgs/share/my_first_package_msgs/srv/MultiSpawn.srv
[0.488s] -- Up-to-date: /home/mk/ros2_study/install/my_first_package_msgs/share/my_first_package_msgs/srv/MultiSpawn_Request.msg
[0.488s] -- Up-to-date: /home/mk/ros2_study/install/my_first_package_msgs/share/my_first_package_msgs/srv/MultiSpawn_Response.msg
[0.488s] -- Up-to-date: /home/mk/ros2_study/install/my_first_package_msgs/share/ament_index/resource_index/package_run_dependencies/my_first_package_msgs
[0.488s] -- Up-to-date: /home/mk/ros2_study/install/my_first_package_msgs/share/ament_index/resource_index/parent_prefix_path/my_first_package_msgs
[0.488s] -- Up-to-date: /home/mk/ros2_study/install/my_first_package_msgs/share/my_first_package_msgs/environment/ament_prefix_path.sh
[0.488s] -- Up-to-date: /home/mk/ros2_study/install/my_first_package_msgs/share/my_first_package_msgs/environment/ament_prefix_path.dsv
[0.488s] -- Up-to-date: /home/mk/ros2_study/install/my_first_package_msgs/share/my_first_package_msgs/environment/path.sh
[0.488s] -- Up-to-date: /home/mk/ros2_study/install/my_first_package_msgs/share/my_first_package_msgs/environment/path.dsv
[0.489s] -- Up-to-date: /home/mk/ros2_study/install/my_first_package_msgs/share/my_first_package_msgs/local_setup.bash
[0.489s] -- Up-to-date: /home/mk/ros2_study/install/my_first_package_msgs/share/my_first_package_msgs/local_setup.sh
[0.489s] -- Up-to-date: /home/mk/ros2_study/install/my_first_package_msgs/share/my_first_package_msgs/local_setup.zsh
[0.489s] -- Up-to-date: /home/mk/ros2_study/install/my_first_package_msgs/share/my_first_package_msgs/local_setup.dsv
[0.489s] -- Installing: /home/mk/ros2_study/install/my_first_package_msgs/share/my_first_package_msgs/package.dsv
[0.489s] -- Up-to-date: /home/mk/ros2_study/install/my_first_package_msgs/share/ament_index/resource_index/packages/my_first_package_msgs
[0.489s] -- Up-to-date: /home/mk/ros2_study/install/my_first_package_msgs/share/my_first_package_msgs/cmake/export_my_first_package_msgs__rosidl_generator_cExport.cmake
[0.489s] -- Up-to-date: /home/mk/ros2_study/install/my_first_package_msgs/share/my_first_package_msgs/cmake/export_my_first_package_msgs__rosidl_generator_cExport-noconfig.cmake
[0.489s] -- Up-to-date: /home/mk/ros2_study/install/my_first_package_msgs/share/my_first_package_msgs/cmake/export_my_first_package_msgs__rosidl_typesupport_fastrtps_cExport.cmake
[0.489s] -- Up-to-date: /home/mk/ros2_study/install/my_first_package_msgs/share/my_first_package_msgs/cmake/export_my_first_package_msgs__rosidl_typesupport_fastrtps_cExport-noconfig.cmake
[0.489s] -- Up-to-date: /home/mk/ros2_study/install/my_first_package_msgs/share/my_first_package_msgs/cmake/my_first_package_msgs__rosidl_typesupport_introspection_cExport.cmake
[0.489s] -- Up-to-date: /home/mk/ros2_study/install/my_first_package_msgs/share/my_first_package_msgs/cmake/my_first_package_msgs__rosidl_typesupport_introspection_cExport-noconfig.cmake
[0.489s] -- Up-to-date: /home/mk/ros2_study/install/my_first_package_msgs/share/my_first_package_msgs/cmake/my_first_package_msgs__rosidl_typesupport_cExport.cmake
[0.489s] -- Up-to-date: /home/mk/ros2_study/install/my_first_package_msgs/share/my_first_package_msgs/cmake/my_first_package_msgs__rosidl_typesupport_cExport-noconfig.cmake
[0.489s] -- Up-to-date: /home/mk/ros2_study/install/my_first_package_msgs/share/my_first_package_msgs/cmake/export_my_first_package_msgs__rosidl_generator_cppExport.cmake
[0.489s] -- Up-to-date: /home/mk/ros2_study/install/my_first_package_msgs/share/my_first_package_msgs/cmake/export_my_first_package_msgs__rosidl_typesupport_fastrtps_cppExport.cmake
[0.489s] -- Up-to-date: /home/mk/ros2_study/install/my_first_package_msgs/share/my_first_package_msgs/cmake/export_my_first_package_msgs__rosidl_typesupport_fastrtps_cppExport-noconfig.cmake
[0.489s] -- Up-to-date: /home/mk/ros2_study/install/my_first_package_msgs/share/my_first_package_msgs/cmake/my_first_package_msgs__rosidl_typesupport_introspection_cppExport.cmake
[0.489s] -- Up-to-date: /home/mk/ros2_study/install/my_first_package_msgs/share/my_first_package_msgs/cmake/my_first_package_msgs__rosidl_typesupport_introspection_cppExport-noconfig.cmake
[0.489s] -- Up-to-date: /home/mk/ros2_study/install/my_first_package_msgs/share/my_first_package_msgs/cmake/my_first_package_msgs__rosidl_typesupport_cppExport.cmake
[0.489s] -- Up-to-date: /home/mk/ros2_study/install/my_first_package_msgs/share/my_first_package_msgs/cmake/my_first_package_msgs__rosidl_typesupport_cppExport-noconfig.cmake
[0.489s] -- Up-to-date: /home/mk/ros2_study/install/my_first_package_msgs/share/my_first_package_msgs/cmake/export_my_first_package_msgs__rosidl_generator_pyExport.cmake
[0.489s] -- Up-to-date: /home/mk/ros2_study/install/my_first_package_msgs/share/my_first_package_msgs/cmake/export_my_first_package_msgs__rosidl_generator_pyExport-noconfig.cmake
[0.489s] -- Up-to-date: /home/mk/ros2_study/install/my_first_package_msgs/share/my_first_package_msgs/cmake/rosidl_cmake-extras.cmake
[0.489s] -- Up-to-date: /home/mk/ros2_study/install/my_first_package_msgs/share/my_first_package_msgs/cmake/ament_cmake_export_include_directories-extras.cmake
[0.489s] -- Up-to-date: /home/mk/ros2_study/install/my_first_package_msgs/share/my_first_package_msgs/cmake/ament_cmake_export_libraries-extras.cmake
[0.489s] -- Up-to-date: /home/mk/ros2_study/install/my_first_package_msgs/share/my_first_package_msgs/cmake/ament_cmake_export_targets-extras.cmake
[0.489s] -- Up-to-date: /home/mk/ros2_study/install/my_first_package_msgs/share/my_first_package_msgs/cmake/rosidl_cmake_export_typesupport_targets-extras.cmake
[0.489s] -- Up-to-date: /home/mk/ros2_study/install/my_first_package_msgs/share/my_first_package_msgs/cmake/ament_cmake_export_dependencies-extras.cmake
[0.489s] -- Up-to-date: /home/mk/ros2_study/install/my_first_package_msgs/share/my_first_package_msgs/cmake/rosidl_cmake_export_typesupport_libraries-extras.cmake
[0.489s] -- Up-to-date: /home/mk/ros2_study/install/my_first_package_msgs/share/my_first_package_msgs/cmake/my_first_package_msgsConfig.cmake
[0.489s] -- Up-to-date: /home/mk/ros2_study/install/my_first_package_msgs/share/my_first_package_msgs/cmake/my_first_package_msgsConfig-version.cmake
[0.489s] -- Up-to-date: /home/mk/ros2_study/install/my_first_package_msgs/share/my_first_package_msgs/package.xml
[0.491s] Invoked command in '/home/mk/ros2_study/build/my_first_package_msgs' returned '0': CMAKE_PREFIX_PATH=${CMAKE_PREFIX_PATH}:/home/mk/ros2_study/install/my_first_package:/opt/ros/humble /usr/bin/cmake --install /home/mk/ros2_study/build/my_first_package_msgs
