[0.334s] Invoking command in '/home/mk/ros2_study/src/my_first_package': PYTHONPATH=/home/mk/ros2_study/build/my_first_package/prefix_override:/usr/lib/python3/dist-packages/colcon_core/task/python/colcon_distutils_commands:/home/mk/ros2_study/install/my_first_package/lib/python3.10/site-packages: /usr/bin/python3 -W ignore:setup.py install is deprecated setup.py egg_info --egg-base ../../build/my_first_package build --build-base /home/mk/ros2_study/build/my_first_package/build install --record /home/mk/ros2_study/build/my_first_package/install.log --single-version-externally-managed install_data
[0.471s] running egg_info
[0.471s] writing ../../build/my_first_package/my_first_package.egg-info/PKG-INFO
[0.472s] writing dependency_links to ../../build/my_first_package/my_first_package.egg-info/dependency_links.txt
[0.472s] writing entry points to ../../build/my_first_package/my_first_package.egg-info/entry_points.txt
[0.472s] writing requirements to ../../build/my_first_package/my_first_package.egg-info/requires.txt
[0.472s] writing top-level names to ../../build/my_first_package/my_first_package.egg-info/top_level.txt
[0.473s] reading manifest file '../../build/my_first_package/my_first_package.egg-info/SOURCES.txt'
[0.474s] writing manifest file '../../build/my_first_package/my_first_package.egg-info/SOURCES.txt'
[0.474s] running build
[0.474s] running build_py
[0.474s] copying my_first_package/my_service_server.py -> /home/mk/ros2_study/build/my_first_package/build/lib/my_first_package
[0.474s] running install
[0.474s] running install_lib
[0.474s] copying /home/mk/ros2_study/build/my_first_package/build/lib/my_first_package/my_service_server.py -> /home/mk/ros2_study/install/my_first_package/lib/python3.10/site-packages/my_first_package
[0.475s] byte-compiling /home/mk/ros2_study/install/my_first_package/lib/python3.10/site-packages/my_first_package/my_service_server.py to my_service_server.cpython-310.pyc
[0.476s] running install_data
[0.476s] running install_egg_info
[0.476s] removing '/home/mk/ros2_study/install/my_first_package/lib/python3.10/site-packages/my_first_package-0.0.0-py3.10.egg-info' (and everything under it)
[0.476s] Copying ../../build/my_first_package/my_first_package.egg-info to /home/mk/ros2_study/install/my_first_package/lib/python3.10/site-packages/my_first_package-0.0.0-py3.10.egg-info
[0.477s] running install_scripts
[0.488s] Installing my_first_node script to /home/mk/ros2_study/install/my_first_package/lib/my_first_package
[0.488s] Installing my_publisher script to /home/mk/ros2_study/install/my_first_package/lib/my_first_package
[0.488s] Installing my_service_server script to /home/mk/ros2_study/install/my_first_package/lib/my_first_package
[0.488s] Installing my_subscriber script to /home/mk/ros2_study/install/my_first_package/lib/my_first_package
[0.488s] Installing turtle_cmd_and_pose script to /home/mk/ros2_study/install/my_first_package/lib/my_first_package
[0.488s] writing list of installed files to '/home/mk/ros2_study/build/my_first_package/install.log'
[0.504s] Invoked command in '/home/mk/ros2_study/src/my_first_package' returned '0': PYTHONPATH=/home/mk/ros2_study/build/my_first_package/prefix_override:/usr/lib/python3/dist-packages/colcon_core/task/python/colcon_distutils_commands:/home/mk/ros2_study/install/my_first_package/lib/python3.10/site-packages: /usr/bin/python3 -W ignore:setup.py install is deprecated setup.py egg_info --egg-base ../../build/my_first_package build --build-base /home/mk/ros2_study/build/my_first_package/build install --record /home/mk/ros2_study/build/my_first_package/install.log --single-version-externally-managed install_data
