[0.391s] Invoking command in '/home/mk/ros2_study/src/my_first_package': PYTHONPATH=/home/mk/ros2_study/build/my_first_package/prefix_override:/usr/lib/python3/dist-packages/colcon_core/task/python/colcon_distutils_commands:/home/mk/ros2_study/install/my_first_package/lib/python3.10/site-packages:${PYTHONPATH} /usr/bin/python3 -W ignore:setup.py install is deprecated setup.py egg_info --egg-base ../../build/my_first_package build --build-base /home/mk/ros2_study/build/my_first_package/build install --record /home/mk/ros2_study/build/my_first_package/install.log --single-version-externally-managed install_data
[0.533s] running egg_info
[0.533s] writing ../../build/my_first_package/my_first_package.egg-info/PKG-INFO
[0.533s] writing dependency_links to ../../build/my_first_package/my_first_package.egg-info/dependency_links.txt
[0.533s] writing entry points to ../../build/my_first_package/my_first_package.egg-info/entry_points.txt
[0.533s] writing requirements to ../../build/my_first_package/my_first_package.egg-info/requires.txt
[0.533s] writing top-level names to ../../build/my_first_package/my_first_package.egg-info/top_level.txt
[0.534s] reading manifest file '../../build/my_first_package/my_first_package.egg-info/SOURCES.txt'
[0.535s] writing manifest file '../../build/my_first_package/my_first_package.egg-info/SOURCES.txt'
[0.535s] running build
[0.535s] running build_py
[0.535s] running install
[0.535s] running install_lib
[0.536s] running install_data
[0.536s] running install_egg_info
[0.537s] removing '/home/mk/ros2_study/install/my_first_package/lib/python3.10/site-packages/my_first_package-0.0.0-py3.10.egg-info' (and everything under it)
[0.537s] Copying ../../build/my_first_package/my_first_package.egg-info to /home/mk/ros2_study/install/my_first_package/lib/python3.10/site-packages/my_first_package-0.0.0-py3.10.egg-info
[0.537s] running install_scripts
[0.549s] Installing my_first_node script to /home/mk/ros2_study/install/my_first_package/lib/my_first_package
[0.549s] Installing my_publisher script to /home/mk/ros2_study/install/my_first_package/lib/my_first_package
[0.549s] Installing my_service_server script to /home/mk/ros2_study/install/my_first_package/lib/my_first_package
[0.549s] Installing my_subscriber script to /home/mk/ros2_study/install/my_first_package/lib/my_first_package
[0.549s] Installing turtle_cmd_and_pose script to /home/mk/ros2_study/install/my_first_package/lib/my_first_package
[0.549s] writing list of installed files to '/home/mk/ros2_study/build/my_first_package/install.log'
[0.565s] Invoked command in '/home/mk/ros2_study/src/my_first_package' returned '0': PYTHONPATH=/home/mk/ros2_study/build/my_first_package/prefix_override:/usr/lib/python3/dist-packages/colcon_core/task/python/colcon_distutils_commands:/home/mk/ros2_study/install/my_first_package/lib/python3.10/site-packages:${PYTHONPATH} /usr/bin/python3 -W ignore:setup.py install is deprecated setup.py egg_info --egg-base ../../build/my_first_package build --build-base /home/mk/ros2_study/build/my_first_package/build install --record /home/mk/ros2_study/build/my_first_package/install.log --single-version-externally-managed install_data
