[0.379s] Invoking command in '/home/mk/ros2_study/src/my_first_package': PYTHONPATH=/home/mk/ros2_study/build/my_first_package/prefix_override:/usr/lib/python3/dist-packages/colcon_core/task/python/colcon_distutils_commands:/home/mk/ros2_study/install/my_first_package/lib/python3.10/site-packages:${PYTHONPATH} /usr/bin/python3 -W ignore:setup.py install is deprecated setup.py egg_info --egg-base ../../build/my_first_package build --build-base /home/mk/ros2_study/build/my_first_package/build install --record /home/mk/ros2_study/build/my_first_package/install.log --single-version-externally-managed install_data
[0.507s] running egg_info
[0.507s] creating ../../build/my_first_package/my_first_package.egg-info
[0.507s] writing ../../build/my_first_package/my_first_package.egg-info/PKG-INFO
[0.507s] writing dependency_links to ../../build/my_first_package/my_first_package.egg-info/dependency_links.txt
[0.508s] writing entry points to ../../build/my_first_package/my_first_package.egg-info/entry_points.txt
[0.508s] writing requirements to ../../build/my_first_package/my_first_package.egg-info/requires.txt
[0.508s] writing top-level names to ../../build/my_first_package/my_first_package.egg-info/top_level.txt
[0.508s] writing manifest file '../../build/my_first_package/my_first_package.egg-info/SOURCES.txt'
[0.508s] reading manifest file '../../build/my_first_package/my_first_package.egg-info/SOURCES.txt'
[0.509s] writing manifest file '../../build/my_first_package/my_first_package.egg-info/SOURCES.txt'
[0.509s] running build
[0.509s] running build_py
[0.509s] creating /home/mk/ros2_study/build/my_first_package/build
[0.509s] creating /home/mk/ros2_study/build/my_first_package/build/lib
[0.509s] creating /home/mk/ros2_study/build/my_first_package/build/lib/my_first_package
[0.509s] copying my_first_package/my_first_node.py -> /home/mk/ros2_study/build/my_first_package/build/lib/my_first_package
[0.509s] copying my_first_package/__init__.py -> /home/mk/ros2_study/build/my_first_package/build/lib/my_first_package
[0.509s] running install
[0.509s] running install_lib
[0.510s] creating /home/mk/ros2_study/install/my_first_package/lib/python3.10/site-packages/my_first_package
[0.510s] copying /home/mk/ros2_study/build/my_first_package/build/lib/my_first_package/my_first_node.py -> /home/mk/ros2_study/install/my_first_package/lib/python3.10/site-packages/my_first_package
[0.510s] copying /home/mk/ros2_study/build/my_first_package/build/lib/my_first_package/__init__.py -> /home/mk/ros2_study/install/my_first_package/lib/python3.10/site-packages/my_first_package
[0.510s] byte-compiling /home/mk/ros2_study/install/my_first_package/lib/python3.10/site-packages/my_first_package/my_first_node.py to my_first_node.cpython-310.pyc
[0.510s] byte-compiling /home/mk/ros2_study/install/my_first_package/lib/python3.10/site-packages/my_first_package/__init__.py to __init__.cpython-310.pyc
[0.510s] running install_data
[0.510s] creating /home/mk/ros2_study/install/my_first_package/share/ament_index
[0.510s] creating /home/mk/ros2_study/install/my_first_package/share/ament_index/resource_index
[0.510s] creating /home/mk/ros2_study/install/my_first_package/share/ament_index/resource_index/packages
[0.510s] copying resource/my_first_package -> /home/mk/ros2_study/install/my_first_package/share/ament_index/resource_index/packages
[0.510s] copying package.xml -> /home/mk/ros2_study/install/my_first_package/share/my_first_package
[0.510s] running install_egg_info
[0.511s] Copying ../../build/my_first_package/my_first_package.egg-info to /home/mk/ros2_study/install/my_first_package/lib/python3.10/site-packages/my_first_package-0.0.0-py3.10.egg-info
[0.511s] running install_scripts
[0.522s] Installing my_first_node script to /home/mk/ros2_study/install/my_first_package/lib/my_first_package
[0.523s] writing list of installed files to '/home/mk/ros2_study/build/my_first_package/install.log'
[0.537s] Invoked command in '/home/mk/ros2_study/src/my_first_package' returned '0': PYTHONPATH=/home/mk/ros2_study/build/my_first_package/prefix_override:/usr/lib/python3/dist-packages/colcon_core/task/python/colcon_distutils_commands:/home/mk/ros2_study/install/my_first_package/lib/python3.10/site-packages:${PYTHONPATH} /usr/bin/python3 -W ignore:setup.py install is deprecated setup.py egg_info --egg-base ../../build/my_first_package build --build-base /home/mk/ros2_study/build/my_first_package/build install --record /home/mk/ros2_study/build/my_first_package/install.log --single-version-externally-managed install_data
