[0.058s] DEBUG:colcon:Command line arguments: ['/usr/bin/colcon', 'build']
[0.058s] DEBUG:colcon:Parsed command line arguments: Namespace(log_base=None, log_level=None, verb_name='build', build_base='build', install_base='install', merge_install=False, symlink_install=False, test_result_base=None, continue_on_error=False, executor='parallel', parallel_workers=16, event_handlers=None, ignore_user_meta=False, metas=['./colcon.meta'], base_paths=['.'], packages_ignore=None, packages_ignore_regex=None, paths=None, packages_up_to=None, packages_up_to_regex=None, packages_above=None, packages_above_and_dependencies=None, packages_above_depth=None, packages_select_by_dep=None, packages_skip_by_dep=None, packages_skip_up_to=None, packages_select_build_failed=False, packages_skip_build_finished=False, packages_select_test_failures=False, packages_skip_test_passed=False, packages_select=None, packages_skip=None, packages_select_regex=None, packages_skip_regex=None, packages_start=None, packages_end=None, allow_overriding=[], cmake_args=None, cmake_target=None, cmake_target_skip_unavailable=False, cmake_clean_cache=False, cmake_clean_first=False, cmake_force_configure=False, ament_cmake_args=None, catkin_cmake_args=None, catkin_skip_building_tests=False, mixin_files=None, mixin=None, verb_parser=<colcon_mixin.mixin.mixin_argument.MixinArgumentDecorator object at 0x7e2a5b008430>, verb_extension=<colcon_core.verb.build.BuildVerb object at 0x7e2a5afd3a00>, main=<bound method BuildVerb.main of <colcon_core.verb.build.BuildVerb object at 0x7e2a5afd3a00>>, mixin_verb=('build',))
[0.162s] Level 1:colcon.colcon_core.package_discovery:discover_packages(colcon_meta) check parameters
[0.162s] Level 1:colcon.colcon_core.package_discovery:discover_packages(recursive) check parameters
[0.162s] Level 1:colcon.colcon_core.package_discovery:discover_packages(ignore) check parameters
[0.162s] Level 1:colcon.colcon_core.package_discovery:discover_packages(path) check parameters
[0.162s] Level 1:colcon.colcon_core.package_discovery:discover_packages(colcon_meta) discover
[0.162s] Level 1:colcon.colcon_core.package_discovery:discover_packages(recursive) discover
[0.162s] INFO:colcon.colcon_core.package_discovery:Crawling recursively for packages in '/home/mk/ros2_study/src/my_first_package_msgs'
[0.162s] Level 1:colcon.colcon_core.package_identification:_identify(.) by extensions ['ignore', 'ignore_ament_install']
[0.162s] Level 1:colcon.colcon_core.package_identification:_identify(.) by extension 'ignore'
[0.162s] Level 1:colcon.colcon_core.package_identification:_identify(.) by extension 'ignore_ament_install'
[0.162s] Level 1:colcon.colcon_core.package_identification:_identify(.) by extensions ['colcon_pkg']
[0.162s] Level 1:colcon.colcon_core.package_identification:_identify(.) by extension 'colcon_pkg'
[0.162s] Level 1:colcon.colcon_core.package_identification:_identify(.) by extensions ['colcon_meta']
[0.162s] Level 1:colcon.colcon_core.package_identification:_identify(.) by extension 'colcon_meta'
[0.162s] Level 1:colcon.colcon_core.package_identification:_identify(.) by extensions ['ros']
[0.162s] Level 1:colcon.colcon_core.package_identification:_identify(.) by extension 'ros'
[0.176s] DEBUG:colcon.colcon_core.package_identification:Package '.' with type 'ros.ament_cmake' and name 'my_first_package_msgs'
[0.176s] Level 1:colcon.colcon_core.package_discovery:discover_packages(recursive) using defaults
[0.176s] Level 1:colcon.colcon_core.package_discovery:discover_packages(ignore) discover
[0.176s] Level 1:colcon.colcon_core.package_discovery:discover_packages(ignore) using defaults
[0.176s] Level 1:colcon.colcon_core.package_discovery:discover_packages(path) discover
[0.176s] Level 1:colcon.colcon_core.package_discovery:discover_packages(path) using defaults
[0.187s] Level 1:colcon.colcon_core.package_discovery:discover_packages(prefix_path) check parameters
[0.187s] Level 1:colcon.colcon_core.package_discovery:discover_packages(prefix_path) discover
[0.188s] DEBUG:colcon.colcon_installed_package_information.package_discovery:Found 2 installed packages in /home/mk/ros2_study/install
[0.188s] DEBUG:colcon.colcon_installed_package_information.package_discovery:Found 270 installed packages in /opt/ros/humble
[0.190s] Level 1:colcon.colcon_core.package_discovery:discover_packages(prefix_path) using defaults
[0.209s] Level 5:colcon.colcon_core.verb:set package 'my_first_package_msgs' build argument 'cmake_args' from command line to 'None'
[0.209s] Level 5:colcon.colcon_core.verb:set package 'my_first_package_msgs' build argument 'cmake_target' from command line to 'None'
[0.209s] Level 5:colcon.colcon_core.verb:set package 'my_first_package_msgs' build argument 'cmake_target_skip_unavailable' from command line to 'False'
[0.209s] Level 5:colcon.colcon_core.verb:set package 'my_first_package_msgs' build argument 'cmake_clean_cache' from command line to 'False'
[0.209s] Level 5:colcon.colcon_core.verb:set package 'my_first_package_msgs' build argument 'cmake_clean_first' from command line to 'False'
[0.209s] Level 5:colcon.colcon_core.verb:set package 'my_first_package_msgs' build argument 'cmake_force_configure' from command line to 'False'
[0.209s] Level 5:colcon.colcon_core.verb:set package 'my_first_package_msgs' build argument 'ament_cmake_args' from command line to 'None'
[0.209s] Level 5:colcon.colcon_core.verb:set package 'my_first_package_msgs' build argument 'catkin_cmake_args' from command line to 'None'
[0.209s] Level 5:colcon.colcon_core.verb:set package 'my_first_package_msgs' build argument 'catkin_skip_building_tests' from command line to 'False'
[0.209s] DEBUG:colcon.colcon_core.verb:Building package 'my_first_package_msgs' with the following arguments: {'ament_cmake_args': None, 'build_base': '/home/mk/ros2_study/src/my_first_package_msgs/build/my_first_package_msgs', 'catkin_cmake_args': None, 'catkin_skip_building_tests': False, 'cmake_args': None, 'cmake_clean_cache': False, 'cmake_clean_first': False, 'cmake_force_configure': False, 'cmake_target': None, 'cmake_target_skip_unavailable': False, 'install_base': '/home/mk/ros2_study/src/my_first_package_msgs/install/my_first_package_msgs', 'merge_install': False, 'path': '/home/mk/ros2_study/src/my_first_package_msgs', 'symlink_install': False, 'test_result_base': None}
[0.209s] INFO:colcon.colcon_core.executor:Executing jobs using 'parallel' executor
[0.210s] DEBUG:colcon.colcon_parallel_executor.executor.parallel:run_until_complete
[0.210s] INFO:colcon.colcon_ros.task.ament_cmake.build:Building ROS package in '/home/mk/ros2_study/src/my_first_package_msgs' with build type 'ament_cmake'
[0.210s] INFO:colcon.colcon_cmake.task.cmake.build:Building CMake package in '/home/mk/ros2_study/src/my_first_package_msgs'
[0.211s] INFO:colcon.colcon_core.plugin_system:Skipping extension 'colcon_core.shell.bat': Not used on non-Windows systems
[0.211s] INFO:colcon.colcon_core.shell:Skip shell extension 'powershell' for command environment: Not usable outside of PowerShell
[0.211s] DEBUG:colcon.colcon_core.shell:Skip shell extension 'dsv' for command environment
[0.217s] DEBUG:colcon.colcon_core.event_handler.log_command:Invoking command in '/home/mk/ros2_study/src/my_first_package_msgs/build/my_first_package_msgs': CMAKE_PREFIX_PATH=${CMAKE_PREFIX_PATH}:/home/mk/ros2_study/install/my_first_package:/opt/ros/humble /usr/bin/cmake /home/mk/ros2_study/src/my_first_package_msgs -DCMAKE_INSTALL_PREFIX=/home/mk/ros2_study/src/my_first_package_msgs/install/my_first_package_msgs
[1.146s] DEBUG:colcon.colcon_core.event_handler.log_command:Invoked command in '/home/mk/ros2_study/src/my_first_package_msgs/build/my_first_package_msgs' returned '0': CMAKE_PREFIX_PATH=${CMAKE_PREFIX_PATH}:/home/mk/ros2_study/install/my_first_package:/opt/ros/humble /usr/bin/cmake /home/mk/ros2_study/src/my_first_package_msgs -DCMAKE_INSTALL_PREFIX=/home/mk/ros2_study/src/my_first_package_msgs/install/my_first_package_msgs
[1.147s] DEBUG:colcon.colcon_core.event_handler.log_command:Invoking command in '/home/mk/ros2_study/src/my_first_package_msgs/build/my_first_package_msgs': CMAKE_PREFIX_PATH=${CMAKE_PREFIX_PATH}:/home/mk/ros2_study/install/my_first_package:/opt/ros/humble /usr/bin/cmake --build /home/mk/ros2_study/src/my_first_package_msgs/build/my_first_package_msgs -- -j16 -l16
[2.691s] DEBUG:colcon.colcon_core.event_handler.log_command:Invoked command in '/home/mk/ros2_study/src/my_first_package_msgs/build/my_first_package_msgs' returned '0': CMAKE_PREFIX_PATH=${CMAKE_PREFIX_PATH}:/home/mk/ros2_study/install/my_first_package:/opt/ros/humble /usr/bin/cmake --build /home/mk/ros2_study/src/my_first_package_msgs/build/my_first_package_msgs -- -j16 -l16
[2.758s] DEBUG:colcon.colcon_core.event_handler.log_command:Invoking command in '/home/mk/ros2_study/src/my_first_package_msgs/build/my_first_package_msgs': CMAKE_PREFIX_PATH=${CMAKE_PREFIX_PATH}:/home/mk/ros2_study/install/my_first_package:/opt/ros/humble /usr/bin/cmake --install /home/mk/ros2_study/src/my_first_package_msgs/build/my_first_package_msgs
[2.800s] Level 1:colcon.colcon_core.environment:create_environment_scripts_only(my_first_package_msgs)
[2.800s] DEBUG:colcon.colcon_core.event_handler.log_command:Invoked command in '/home/mk/ros2_study/src/my_first_package_msgs/build/my_first_package_msgs' returned '0': CMAKE_PREFIX_PATH=${CMAKE_PREFIX_PATH}:/home/mk/ros2_study/install/my_first_package:/opt/ros/humble /usr/bin/cmake --install /home/mk/ros2_study/src/my_first_package_msgs/build/my_first_package_msgs
[2.801s] Level 1:colcon.colcon_core.environment:checking '/home/mk/ros2_study/src/my_first_package_msgs/install/my_first_package_msgs' for CMake module files
[2.802s] Level 1:colcon.colcon_core.environment:checking '/home/mk/ros2_study/src/my_first_package_msgs/install/my_first_package_msgs' for CMake config files
[2.802s] Level 1:colcon.colcon_core.shell:create_environment_hook('my_first_package_msgs', 'cmake_prefix_path')
[2.802s] INFO:colcon.colcon_core.shell:Creating environment hook '/home/mk/ros2_study/src/my_first_package_msgs/install/my_first_package_msgs/share/my_first_package_msgs/hook/cmake_prefix_path.ps1'
[2.803s] INFO:colcon.colcon_core.shell:Creating environment descriptor '/home/mk/ros2_study/src/my_first_package_msgs/install/my_first_package_msgs/share/my_first_package_msgs/hook/cmake_prefix_path.dsv'
[2.803s] INFO:colcon.colcon_core.shell:Creating environment hook '/home/mk/ros2_study/src/my_first_package_msgs/install/my_first_package_msgs/share/my_first_package_msgs/hook/cmake_prefix_path.sh'
[2.803s] Level 1:colcon.colcon_core.environment:checking '/home/mk/ros2_study/src/my_first_package_msgs/install/my_first_package_msgs/lib'
[2.803s] Level 1:colcon.colcon_core.shell:create_environment_hook('my_first_package_msgs', 'ld_library_path_lib')
[2.804s] INFO:colcon.colcon_core.shell:Creating environment hook '/home/mk/ros2_study/src/my_first_package_msgs/install/my_first_package_msgs/share/my_first_package_msgs/hook/ld_library_path_lib.ps1'
[2.804s] INFO:colcon.colcon_core.shell:Creating environment descriptor '/home/mk/ros2_study/src/my_first_package_msgs/install/my_first_package_msgs/share/my_first_package_msgs/hook/ld_library_path_lib.dsv'
[2.804s] INFO:colcon.colcon_core.shell:Creating environment hook '/home/mk/ros2_study/src/my_first_package_msgs/install/my_first_package_msgs/share/my_first_package_msgs/hook/ld_library_path_lib.sh'
[2.804s] Level 1:colcon.colcon_core.environment:checking '/home/mk/ros2_study/src/my_first_package_msgs/install/my_first_package_msgs/bin'
[2.804s] Level 1:colcon.colcon_core.environment:checking '/home/mk/ros2_study/src/my_first_package_msgs/install/my_first_package_msgs/lib/pkgconfig/my_first_package_msgs.pc'
[2.804s] Level 1:colcon.colcon_core.environment:checking '/home/mk/ros2_study/src/my_first_package_msgs/install/my_first_package_msgs/lib/python3.10/site-packages'
[2.804s] Level 1:colcon.colcon_core.environment:checking '/home/mk/ros2_study/src/my_first_package_msgs/install/my_first_package_msgs/bin'
[2.805s] INFO:colcon.colcon_core.shell:Creating package script '/home/mk/ros2_study/src/my_first_package_msgs/install/my_first_package_msgs/share/my_first_package_msgs/package.ps1'
[2.805s] INFO:colcon.colcon_core.shell:Creating package descriptor '/home/mk/ros2_study/src/my_first_package_msgs/install/my_first_package_msgs/share/my_first_package_msgs/package.dsv'
[2.805s] INFO:colcon.colcon_core.shell:Creating package script '/home/mk/ros2_study/src/my_first_package_msgs/install/my_first_package_msgs/share/my_first_package_msgs/package.sh'
[2.806s] INFO:colcon.colcon_core.shell:Creating package script '/home/mk/ros2_study/src/my_first_package_msgs/install/my_first_package_msgs/share/my_first_package_msgs/package.bash'
[2.806s] INFO:colcon.colcon_core.shell:Creating package script '/home/mk/ros2_study/src/my_first_package_msgs/install/my_first_package_msgs/share/my_first_package_msgs/package.zsh'
[2.806s] Level 1:colcon.colcon_core.environment:create_file_with_runtime_dependencies(/home/mk/ros2_study/src/my_first_package_msgs/install/my_first_package_msgs/share/colcon-core/packages/my_first_package_msgs)
[2.867s] Level 1:colcon.colcon_core.environment:create_environment_scripts_only(my_first_package_msgs)
[2.867s] Level 1:colcon.colcon_core.environment:checking '/home/mk/ros2_study/src/my_first_package_msgs/install/my_first_package_msgs' for CMake module files
[2.867s] Level 1:colcon.colcon_core.environment:checking '/home/mk/ros2_study/src/my_first_package_msgs/install/my_first_package_msgs' for CMake config files
[2.868s] Level 1:colcon.colcon_core.shell:create_environment_hook('my_first_package_msgs', 'cmake_prefix_path')
[2.868s] INFO:colcon.colcon_core.shell:Creating environment hook '/home/mk/ros2_study/src/my_first_package_msgs/install/my_first_package_msgs/share/my_first_package_msgs/hook/cmake_prefix_path.ps1'
[2.868s] INFO:colcon.colcon_core.shell:Creating environment descriptor '/home/mk/ros2_study/src/my_first_package_msgs/install/my_first_package_msgs/share/my_first_package_msgs/hook/cmake_prefix_path.dsv'
[2.869s] INFO:colcon.colcon_core.shell:Creating environment hook '/home/mk/ros2_study/src/my_first_package_msgs/install/my_first_package_msgs/share/my_first_package_msgs/hook/cmake_prefix_path.sh'
[2.869s] Level 1:colcon.colcon_core.environment:checking '/home/mk/ros2_study/src/my_first_package_msgs/install/my_first_package_msgs/lib'
[2.869s] Level 1:colcon.colcon_core.shell:create_environment_hook('my_first_package_msgs', 'ld_library_path_lib')
[2.869s] INFO:colcon.colcon_core.shell:Creating environment hook '/home/mk/ros2_study/src/my_first_package_msgs/install/my_first_package_msgs/share/my_first_package_msgs/hook/ld_library_path_lib.ps1'
[2.869s] INFO:colcon.colcon_core.shell:Creating environment descriptor '/home/mk/ros2_study/src/my_first_package_msgs/install/my_first_package_msgs/share/my_first_package_msgs/hook/ld_library_path_lib.dsv'
[2.869s] INFO:colcon.colcon_core.shell:Creating environment hook '/home/mk/ros2_study/src/my_first_package_msgs/install/my_first_package_msgs/share/my_first_package_msgs/hook/ld_library_path_lib.sh'
[2.870s] Level 1:colcon.colcon_core.environment:checking '/home/mk/ros2_study/src/my_first_package_msgs/install/my_first_package_msgs/bin'
[2.870s] Level 1:colcon.colcon_core.environment:checking '/home/mk/ros2_study/src/my_first_package_msgs/install/my_first_package_msgs/lib/pkgconfig/my_first_package_msgs.pc'
[2.870s] Level 1:colcon.colcon_core.environment:checking '/home/mk/ros2_study/src/my_first_package_msgs/install/my_first_package_msgs/lib/python3.10/site-packages'
[2.870s] Level 1:colcon.colcon_core.environment:checking '/home/mk/ros2_study/src/my_first_package_msgs/install/my_first_package_msgs/bin'
[2.870s] INFO:colcon.colcon_core.shell:Creating package script '/home/mk/ros2_study/src/my_first_package_msgs/install/my_first_package_msgs/share/my_first_package_msgs/package.ps1'
[2.871s] INFO:colcon.colcon_core.shell:Creating package descriptor '/home/mk/ros2_study/src/my_first_package_msgs/install/my_first_package_msgs/share/my_first_package_msgs/package.dsv'
[2.871s] INFO:colcon.colcon_core.shell:Creating package script '/home/mk/ros2_study/src/my_first_package_msgs/install/my_first_package_msgs/share/my_first_package_msgs/package.sh'
[2.871s] INFO:colcon.colcon_core.shell:Creating package script '/home/mk/ros2_study/src/my_first_package_msgs/install/my_first_package_msgs/share/my_first_package_msgs/package.bash'
[2.871s] INFO:colcon.colcon_core.shell:Creating package script '/home/mk/ros2_study/src/my_first_package_msgs/install/my_first_package_msgs/share/my_first_package_msgs/package.zsh'
[2.871s] Level 1:colcon.colcon_core.environment:create_file_with_runtime_dependencies(/home/mk/ros2_study/src/my_first_package_msgs/install/my_first_package_msgs/share/colcon-core/packages/my_first_package_msgs)
[2.872s] DEBUG:colcon.colcon_parallel_executor.executor.parallel:closing loop
[2.872s] DEBUG:colcon.colcon_parallel_executor.executor.parallel:loop closed
[2.872s] DEBUG:colcon.colcon_parallel_executor.executor.parallel:run_until_complete finished with '0'
[2.872s] DEBUG:colcon.colcon_core.event_reactor:joining thread
[2.876s] INFO:colcon.colcon_core.plugin_system:Skipping extension 'colcon_notification.desktop_notification.terminal_notifier': Not used on non-Darwin systems
[2.876s] INFO:colcon.colcon_core.plugin_system:Skipping extension 'colcon_notification.desktop_notification.win32': Not used on non-Windows systems
[2.876s] INFO:colcon.colcon_notification.desktop_notification:Sending desktop notification using 'notify2'
[2.889s] DEBUG:colcon.colcon_core.event_reactor:joined thread
[2.889s] INFO:colcon.colcon_core.shell:Creating prefix script '/home/mk/ros2_study/src/my_first_package_msgs/install/local_setup.ps1'
[2.890s] INFO:colcon.colcon_core.shell:Creating prefix util module '/home/mk/ros2_study/src/my_first_package_msgs/install/_local_setup_util_ps1.py'
[2.890s] INFO:colcon.colcon_core.shell:Creating prefix chain script '/home/mk/ros2_study/src/my_first_package_msgs/install/setup.ps1'
[2.892s] INFO:colcon.colcon_core.shell:Creating prefix script '/home/mk/ros2_study/src/my_first_package_msgs/install/local_setup.sh'
[2.892s] INFO:colcon.colcon_core.shell:Creating prefix util module '/home/mk/ros2_study/src/my_first_package_msgs/install/_local_setup_util_sh.py'
[2.893s] INFO:colcon.colcon_core.shell:Creating prefix chain script '/home/mk/ros2_study/src/my_first_package_msgs/install/setup.sh'
[2.893s] INFO:colcon.colcon_core.shell:Creating prefix script '/home/mk/ros2_study/src/my_first_package_msgs/install/local_setup.bash'
[2.894s] INFO:colcon.colcon_core.shell:Creating prefix chain script '/home/mk/ros2_study/src/my_first_package_msgs/install/setup.bash'
[2.894s] INFO:colcon.colcon_core.shell:Creating prefix script '/home/mk/ros2_study/src/my_first_package_msgs/install/local_setup.zsh'
[2.895s] INFO:colcon.colcon_core.shell:Creating prefix chain script '/home/mk/ros2_study/src/my_first_package_msgs/install/setup.zsh'
