[0.166s] Invoking command in '/home/mk/ros2_study/build/my_first_package_msgs': CMAKE_PREFIX_PATH=/home/mk/ros2_study/install/my_first_package:/opt/ros/humble /usr/bin/cmake /home/mk/ros2_study/src/my_first_package_msgs -DCMAKE_INSTALL_PREFIX=/home/mk/ros2_study/install/my_first_package_msgs
[0.233s] -- The C compiler identification is GNU 11.4.0
[0.293s] -- The CXX compiler identification is GNU 11.4.0
[0.301s] -- Detecting C compiler ABI info
[0.355s] -- Detecting C compiler ABI info - done
[0.359s] -- Check for working C compiler: /usr/bin/cc - skipped
[0.359s] -- Detecting C compile features
[0.360s] -- Detecting C compile features - done
[0.362s] -- Detecting CXX compiler ABI info
[0.431s] -- Detecting CXX compiler ABI info - done
[0.438s] -- Check for working CXX compiler: /usr/bin/c++ - skipped
[0.438s] -- Detecting CXX compile features
[0.438s] -- Detecting CXX compile features - done
[0.441s] -- Found ament_cmake: 1.3.10 (/opt/ros/humble/share/ament_cmake/cmake)
[0.557s] -- Found Python3: /usr/bin/python3 (found version "3.10.12") found components: Interpreter 
[0.624s] -- Found rosidl_default_generators: 1.2.0 (/opt/ros/humble/share/rosidl_default_generators/cmake)
[0.626s] -- Using all available rosidl_typesupport_c: rosidl_typesupport_fastrtps_c;rosidl_typesupport_introspection_c
[0.631s] -- Found rosidl_adapter: 3.1.5 (/opt/ros/humble/share/rosidl_adapter/cmake)
[0.661s] -- Using all available rosidl_typesupport_cpp: rosidl_typesupport_fastrtps_cpp;rosidl_typesupport_introspection_cpp
[0.868s] -- Found ament_cmake_ros: 0.10.0 (/opt/ros/humble/share/ament_cmake_ros/cmake)
[1.000s] -- Using all available rosidl_typesupport_c: rosidl_typesupport_fastrtps_c;rosidl_typesupport_introspection_c
[1.162s] -- Using all available rosidl_typesupport_cpp: rosidl_typesupport_fastrtps_cpp;rosidl_typesupport_introspection_cpp
[1.178s] -- Found PythonInterp: /usr/bin/python3 (found suitable version "3.10.12", minimum required is "3.6") 
[1.179s] -- Found python_cmake_module: 0.10.0 (/opt/ros/humble/share/python_cmake_module/cmake)
[1.195s] -- Found PythonLibs: /usr/lib/x86_64-linux-gnu/libpython3.10.so (found suitable version "3.10.12", minimum required is "3.5") 
[1.195s] -- Using PYTHON_EXECUTABLE: /usr/bin/python3
[1.195s] -- Using PYTHON_INCLUDE_DIRS: /usr/include/python3.10
[1.195s] -- Using PYTHON_LIBRARIES: /usr/lib/x86_64-linux-gnu/libpython3.10.so
[1.209s] -- Found PythonExtra: .so  
[1.230s] -- Found ament_lint_auto: 0.12.11 (/opt/ros/humble/share/ament_lint_auto/cmake)
[1.242s] -- Added test 'lint_cmake' to check CMake code style
[1.242s] -- Added test 'xmllint' to check XML markup files
[1.244s] -- Configuring done
[1.257s] -- Generating done
[1.258s] -- Build files have been written to: /home/mk/ros2_study/build/my_first_package_msgs
[1.263s] Invoked command in '/home/mk/ros2_study/build/my_first_package_msgs' returned '0': CMAKE_PREFIX_PATH=/home/mk/ros2_study/install/my_first_package:/opt/ros/humble /usr/bin/cmake /home/mk/ros2_study/src/my_first_package_msgs -DCMAKE_INSTALL_PREFIX=/home/mk/ros2_study/install/my_first_package_msgs
[1.263s] Invoking command in '/home/mk/ros2_study/build/my_first_package_msgs': CMAKE_PREFIX_PATH=/home/mk/ros2_study/install/my_first_package:/opt/ros/humble /usr/bin/cmake --build /home/mk/ros2_study/build/my_first_package_msgs -- -j16 -l16
[1.293s] [  3%] [34m[1mGenerating C code for ROS interfaces[0m
[1.301s] [  3%] Built target ament_cmake_python_copy_my_first_package_msgs
[1.302s] [  6%] [34m[1mGenerating C++ code for ROS interfaces[0m
[1.463s] [  9%] [32mBuilding C object CMakeFiles/my_first_package_msgs__rosidl_generator_c.dir/rosidl_generator_c/my_first_package_msgs/msg/detail/cmd_and_pose_vel__functions.c.o[0m
[1.463s] [  9%] Built target my_first_package_msgs__cpp
[1.471s] [ 12%] [34m[1mGenerating C++ introspection for ROS interfaces[0m
[1.471s] [ 19%] [34m[1mGenerating C++ type support dispatch for ROS interfaces[0m
[1.472s] [ 19%] [34m[1mGenerating C++ type support for eProsima Fast-RTPS[0m
[1.475s] running egg_info
[1.475s] creating my_first_package_msgs.egg-info
[1.475s] writing my_first_package_msgs.egg-info/PKG-INFO
[1.475s] writing dependency_links to my_first_package_msgs.egg-info/dependency_links.txt
[1.475s] writing top-level names to my_first_package_msgs.egg-info/top_level.txt
[1.475s] writing manifest file 'my_first_package_msgs.egg-info/SOURCES.txt'
[1.477s] reading manifest file 'my_first_package_msgs.egg-info/SOURCES.txt'
[1.477s] writing manifest file 'my_first_package_msgs.egg-info/SOURCES.txt'
[1.499s] [ 19%] Built target ament_cmake_python_build_my_first_package_msgs_egg
[1.508s] [ 22%] [32m[1mLinking C shared library libmy_first_package_msgs__rosidl_generator_c.so[0m
[1.537s] [ 22%] Built target my_first_package_msgs__rosidl_generator_c
[1.544s] [ 25%] [34m[1mGenerating C introspection for ROS interfaces[0m
[1.547s] [ 32%] [34m[1mGenerating C type support dispatch for ROS interfaces[0m
[1.547s] [ 32%] [34m[1mGenerating C type support for eProsima Fast-RTPS[0m
[1.620s] [ 35%] [32mBuilding CXX object CMakeFiles/my_first_package_msgs__rosidl_typesupport_cpp.dir/rosidl_typesupport_cpp/my_first_package_msgs/msg/cmd_and_pose_vel__type_support.cpp.o[0m
[1.633s] [ 38%] [32mBuilding CXX object CMakeFiles/my_first_package_msgs__rosidl_typesupport_introspection_cpp.dir/rosidl_typesupport_introspection_cpp/my_first_package_msgs/msg/detail/cmd_and_pose_vel__type_support.cpp.o[0m
[1.708s] [ 41%] [32mBuilding CXX object CMakeFiles/my_first_package_msgs__rosidl_typesupport_c.dir/rosidl_typesupport_c/my_first_package_msgs/msg/cmd_and_pose_vel__type_support.cpp.o[0m
[1.712s] [ 45%] [32mBuilding C object CMakeFiles/my_first_package_msgs__rosidl_typesupport_introspection_c.dir/rosidl_typesupport_introspection_c/my_first_package_msgs/msg/detail/cmd_and_pose_vel__type_support.c.o[0m
[1.728s] [ 48%] [32mBuilding CXX object CMakeFiles/my_first_package_msgs__rosidl_typesupport_fastrtps_cpp.dir/rosidl_typesupport_fastrtps_cpp/my_first_package_msgs/msg/detail/dds_fastrtps/cmd_and_pose_vel__type_support.cpp.o[0m
[1.733s] [ 51%] [32mBuilding CXX object CMakeFiles/my_first_package_msgs__rosidl_typesupport_fastrtps_c.dir/rosidl_typesupport_fastrtps_c/my_first_package_msgs/msg/detail/cmd_and_pose_vel__type_support_c.cpp.o[0m
[1.735s] [ 54%] [32m[1mLinking CXX shared library libmy_first_package_msgs__rosidl_typesupport_c.so[0m
[1.741s] [ 58%] [32m[1mLinking C shared library libmy_first_package_msgs__rosidl_typesupport_introspection_c.so[0m
[1.765s] [ 58%] Built target my_first_package_msgs__rosidl_typesupport_introspection_c
[1.766s] [ 58%] Built target my_first_package_msgs__rosidl_typesupport_c
[1.803s] [ 61%] [32m[1mLinking CXX shared library libmy_first_package_msgs__rosidl_typesupport_cpp.so[0m
[1.831s] [ 61%] Built target my_first_package_msgs__rosidl_typesupport_cpp
[1.907s] [ 64%] [32m[1mLinking CXX shared library libmy_first_package_msgs__rosidl_typesupport_introspection_cpp.so[0m
[1.940s] [ 67%] [32m[1mLinking CXX shared library libmy_first_package_msgs__rosidl_typesupport_fastrtps_c.so[0m
[1.942s] [ 67%] Built target my_first_package_msgs__rosidl_typesupport_introspection_cpp
[1.979s] [ 70%] [32m[1mLinking CXX shared library libmy_first_package_msgs__rosidl_typesupport_fastrtps_cpp.so[0m
[1.988s] [ 70%] Built target my_first_package_msgs__rosidl_typesupport_fastrtps_c
[2.026s] [ 70%] Built target my_first_package_msgs__rosidl_typesupport_fastrtps_cpp
[2.039s] [ 70%] Built target my_first_package_msgs
[2.051s] [ 74%] [34m[1mGenerating Python code for ROS interfaces[0m
[2.219s] [ 74%] Built target my_first_package_msgs__py
[2.235s] [ 77%] [32mBuilding C object CMakeFiles/my_first_package_msgs__rosidl_generator_py.dir/rosidl_generator_py/my_first_package_msgs/msg/_cmd_and_pose_vel_s.c.o[0m
[2.302s] [ 80%] [32m[1mLinking C shared library rosidl_generator_py/my_first_package_msgs/libmy_first_package_msgs__rosidl_generator_py.so[0m
[2.332s] [ 80%] Built target my_first_package_msgs__rosidl_generator_py
[2.348s] [ 83%] [32mBuilding C object CMakeFiles/my_first_package_msgs__rosidl_typesupport_fastrtps_c__pyext.dir/rosidl_generator_py/my_first_package_msgs/_my_first_package_msgs_s.ep.rosidl_typesupport_fastrtps_c.c.o[0m
[2.348s] [ 87%] [32mBuilding C object CMakeFiles/my_first_package_msgs__rosidl_typesupport_introspection_c__pyext.dir/rosidl_generator_py/my_first_package_msgs/_my_first_package_msgs_s.ep.rosidl_typesupport_introspection_c.c.o[0m
[2.349s] [ 90%] [32mBuilding C object CMakeFiles/my_first_package_msgs__rosidl_typesupport_c__pyext.dir/rosidl_generator_py/my_first_package_msgs/_my_first_package_msgs_s.ep.rosidl_typesupport_c.c.o[0m
[2.403s] [ 93%] [32m[1mLinking C shared library rosidl_generator_py/my_first_package_msgs/my_first_package_msgs_s__rosidl_typesupport_c.cpython-310-x86_64-linux-gnu.so[0m
[2.404s] [ 96%] [32m[1mLinking C shared library rosidl_generator_py/my_first_package_msgs/my_first_package_msgs_s__rosidl_typesupport_introspection_c.cpython-310-x86_64-linux-gnu.so[0m
[2.404s] [100%] [32m[1mLinking C shared library rosidl_generator_py/my_first_package_msgs/my_first_package_msgs_s__rosidl_typesupport_fastrtps_c.cpython-310-x86_64-linux-gnu.so[0m
[2.428s] [100%] Built target my_first_package_msgs__rosidl_typesupport_fastrtps_c__pyext
[2.429s] [100%] Built target my_first_package_msgs__rosidl_typesupport_c__pyext
[2.431s] [100%] Built target my_first_package_msgs__rosidl_typesupport_introspection_c__pyext
[2.438s] Invoked command in '/home/mk/ros2_study/build/my_first_package_msgs' returned '0': CMAKE_PREFIX_PATH=/home/mk/ros2_study/install/my_first_package:/opt/ros/humble /usr/bin/cmake --build /home/mk/ros2_study/build/my_first_package_msgs -- -j16 -l16
[2.487s] Invoking command in '/home/mk/ros2_study/build/my_first_package_msgs': CMAKE_PREFIX_PATH=/home/mk/ros2_study/install/my_first_package:/opt/ros/humble /usr/bin/cmake --install /home/mk/ros2_study/build/my_first_package_msgs
[2.494s] -- Install configuration: ""
[2.494s] -- Installing: /home/mk/ros2_study/install/my_first_package_msgs/share/ament_index/resource_index/rosidl_interfaces/my_first_package_msgs
[2.494s] -- Installing: /home/mk/ros2_study/install/my_first_package_msgs/include/my_first_package_msgs/my_first_package_msgs
[2.494s] -- Installing: /home/mk/ros2_study/install/my_first_package_msgs/include/my_first_package_msgs/my_first_package_msgs/msg
[2.494s] -- Installing: /home/mk/ros2_study/install/my_first_package_msgs/include/my_first_package_msgs/my_first_package_msgs/msg/rosidl_generator_c__visibility_control.h
[2.494s] -- Installing: /home/mk/ros2_study/install/my_first_package_msgs/include/my_first_package_msgs/my_first_package_msgs/msg/cmd_and_pose_vel.h
[2.494s] -- Installing: /home/mk/ros2_study/install/my_first_package_msgs/include/my_first_package_msgs/my_first_package_msgs/msg/detail
[2.494s] -- Installing: /home/mk/ros2_study/install/my_first_package_msgs/include/my_first_package_msgs/my_first_package_msgs/msg/detail/cmd_and_pose_vel__functions.h
[2.494s] -- Installing: /home/mk/ros2_study/install/my_first_package_msgs/include/my_first_package_msgs/my_first_package_msgs/msg/detail/cmd_and_pose_vel__type_support.h
[2.494s] -- Installing: /home/mk/ros2_study/install/my_first_package_msgs/include/my_first_package_msgs/my_first_package_msgs/msg/detail/cmd_and_pose_vel__functions.c
[2.494s] -- Installing: /home/mk/ros2_study/install/my_first_package_msgs/include/my_first_package_msgs/my_first_package_msgs/msg/detail/cmd_and_pose_vel__struct.h
[2.494s] -- Installing: /home/mk/ros2_study/install/my_first_package_msgs/share/my_first_package_msgs/environment/library_path.sh
[2.494s] -- Installing: /home/mk/ros2_study/install/my_first_package_msgs/share/my_first_package_msgs/environment/library_path.dsv
[2.494s] -- Installing: /home/mk/ros2_study/install/my_first_package_msgs/lib/libmy_first_package_msgs__rosidl_generator_c.so
[2.495s] -- Set runtime path of "/home/mk/ros2_study/install/my_first_package_msgs/lib/libmy_first_package_msgs__rosidl_generator_c.so" to ""
[2.495s] -- Up-to-date: /home/mk/ros2_study/install/my_first_package_msgs/include/my_first_package_msgs/my_first_package_msgs
[2.495s] -- Up-to-date: /home/mk/ros2_study/install/my_first_package_msgs/include/my_first_package_msgs/my_first_package_msgs/msg
[2.495s] -- Installing: /home/mk/ros2_study/install/my_first_package_msgs/include/my_first_package_msgs/my_first_package_msgs/msg/rosidl_typesupport_fastrtps_c__visibility_control.h
[2.495s] -- Up-to-date: /home/mk/ros2_study/install/my_first_package_msgs/include/my_first_package_msgs/my_first_package_msgs/msg/detail
[2.495s] -- Installing: /home/mk/ros2_study/install/my_first_package_msgs/include/my_first_package_msgs/my_first_package_msgs/msg/detail/cmd_and_pose_vel__rosidl_typesupport_fastrtps_c.h
[2.495s] -- Installing: /home/mk/ros2_study/install/my_first_package_msgs/lib/libmy_first_package_msgs__rosidl_typesupport_fastrtps_c.so
[2.495s] -- Set runtime path of "/home/mk/ros2_study/install/my_first_package_msgs/lib/libmy_first_package_msgs__rosidl_typesupport_fastrtps_c.so" to ""
[2.495s] -- Up-to-date: /home/mk/ros2_study/install/my_first_package_msgs/include/my_first_package_msgs/my_first_package_msgs
[2.495s] -- Up-to-date: /home/mk/ros2_study/install/my_first_package_msgs/include/my_first_package_msgs/my_first_package_msgs/msg
[2.495s] -- Installing: /home/mk/ros2_study/install/my_first_package_msgs/include/my_first_package_msgs/my_first_package_msgs/msg/rosidl_typesupport_introspection_c__visibility_control.h
[2.495s] -- Up-to-date: /home/mk/ros2_study/install/my_first_package_msgs/include/my_first_package_msgs/my_first_package_msgs/msg/detail
[2.495s] -- Installing: /home/mk/ros2_study/install/my_first_package_msgs/include/my_first_package_msgs/my_first_package_msgs/msg/detail/cmd_and_pose_vel__type_support.c
[2.495s] -- Installing: /home/mk/ros2_study/install/my_first_package_msgs/include/my_first_package_msgs/my_first_package_msgs/msg/detail/cmd_and_pose_vel__rosidl_typesupport_introspection_c.h
[2.495s] -- Installing: /home/mk/ros2_study/install/my_first_package_msgs/lib/libmy_first_package_msgs__rosidl_typesupport_introspection_c.so
[2.495s] -- Set runtime path of "/home/mk/ros2_study/install/my_first_package_msgs/lib/libmy_first_package_msgs__rosidl_typesupport_introspection_c.so" to ""
[2.495s] -- Installing: /home/mk/ros2_study/install/my_first_package_msgs/lib/libmy_first_package_msgs__rosidl_typesupport_c.so
[2.495s] -- Set runtime path of "/home/mk/ros2_study/install/my_first_package_msgs/lib/libmy_first_package_msgs__rosidl_typesupport_c.so" to ""
[2.495s] -- Up-to-date: /home/mk/ros2_study/install/my_first_package_msgs/include/my_first_package_msgs/my_first_package_msgs
[2.495s] -- Up-to-date: /home/mk/ros2_study/install/my_first_package_msgs/include/my_first_package_msgs/my_first_package_msgs/msg
[2.495s] -- Installing: /home/mk/ros2_study/install/my_first_package_msgs/include/my_first_package_msgs/my_first_package_msgs/msg/cmd_and_pose_vel.hpp
[2.495s] -- Up-to-date: /home/mk/ros2_study/install/my_first_package_msgs/include/my_first_package_msgs/my_first_package_msgs/msg/detail
[2.495s] -- Installing: /home/mk/ros2_study/install/my_first_package_msgs/include/my_first_package_msgs/my_first_package_msgs/msg/detail/cmd_and_pose_vel__builder.hpp
[2.495s] -- Installing: /home/mk/ros2_study/install/my_first_package_msgs/include/my_first_package_msgs/my_first_package_msgs/msg/detail/cmd_and_pose_vel__struct.hpp
[2.495s] -- Installing: /home/mk/ros2_study/install/my_first_package_msgs/include/my_first_package_msgs/my_first_package_msgs/msg/detail/cmd_and_pose_vel__traits.hpp
[2.495s] -- Up-to-date: /home/mk/ros2_study/install/my_first_package_msgs/include/my_first_package_msgs/my_first_package_msgs
[2.495s] -- Up-to-date: /home/mk/ros2_study/install/my_first_package_msgs/include/my_first_package_msgs/my_first_package_msgs/msg
[2.496s] -- Installing: /home/mk/ros2_study/install/my_first_package_msgs/include/my_first_package_msgs/my_first_package_msgs/msg/rosidl_typesupport_fastrtps_cpp__visibility_control.h
[2.496s] -- Up-to-date: /home/mk/ros2_study/install/my_first_package_msgs/include/my_first_package_msgs/my_first_package_msgs/msg/detail
[2.496s] -- Installing: /home/mk/ros2_study/install/my_first_package_msgs/include/my_first_package_msgs/my_first_package_msgs/msg/detail/dds_fastrtps
[2.496s] -- Installing: /home/mk/ros2_study/install/my_first_package_msgs/include/my_first_package_msgs/my_first_package_msgs/msg/detail/cmd_and_pose_vel__rosidl_typesupport_fastrtps_cpp.hpp
[2.496s] -- Installing: /home/mk/ros2_study/install/my_first_package_msgs/lib/libmy_first_package_msgs__rosidl_typesupport_fastrtps_cpp.so
[2.496s] -- Set runtime path of "/home/mk/ros2_study/install/my_first_package_msgs/lib/libmy_first_package_msgs__rosidl_typesupport_fastrtps_cpp.so" to ""
[2.496s] -- Up-to-date: /home/mk/ros2_study/install/my_first_package_msgs/include/my_first_package_msgs/my_first_package_msgs
[2.496s] -- Up-to-date: /home/mk/ros2_study/install/my_first_package_msgs/include/my_first_package_msgs/my_first_package_msgs/msg
[2.496s] -- Up-to-date: /home/mk/ros2_study/install/my_first_package_msgs/include/my_first_package_msgs/my_first_package_msgs/msg/detail
[2.496s] -- Installing: /home/mk/ros2_study/install/my_first_package_msgs/include/my_first_package_msgs/my_first_package_msgs/msg/detail/cmd_and_pose_vel__rosidl_typesupport_introspection_cpp.hpp
[2.496s] -- Installing: /home/mk/ros2_study/install/my_first_package_msgs/include/my_first_package_msgs/my_first_package_msgs/msg/detail/cmd_and_pose_vel__type_support.cpp
[2.496s] -- Installing: /home/mk/ros2_study/install/my_first_package_msgs/lib/libmy_first_package_msgs__rosidl_typesupport_introspection_cpp.so
[2.496s] -- Set runtime path of "/home/mk/ros2_study/install/my_first_package_msgs/lib/libmy_first_package_msgs__rosidl_typesupport_introspection_cpp.so" to ""
[2.496s] -- Installing: /home/mk/ros2_study/install/my_first_package_msgs/lib/libmy_first_package_msgs__rosidl_typesupport_cpp.so
[2.496s] -- Set runtime path of "/home/mk/ros2_study/install/my_first_package_msgs/lib/libmy_first_package_msgs__rosidl_typesupport_cpp.so" to ""
[2.496s] -- Installing: /home/mk/ros2_study/install/my_first_package_msgs/share/my_first_package_msgs/environment/pythonpath.sh
[2.496s] -- Installing: /home/mk/ros2_study/install/my_first_package_msgs/share/my_first_package_msgs/environment/pythonpath.dsv
[2.496s] -- Installing: /home/mk/ros2_study/install/my_first_package_msgs/local/lib/python3.10/dist-packages/my_first_package_msgs-0.0.0-py3.10.egg-info
[2.496s] -- Installing: /home/mk/ros2_study/install/my_first_package_msgs/local/lib/python3.10/dist-packages/my_first_package_msgs-0.0.0-py3.10.egg-info/SOURCES.txt
[2.496s] -- Installing: /home/mk/ros2_study/install/my_first_package_msgs/local/lib/python3.10/dist-packages/my_first_package_msgs-0.0.0-py3.10.egg-info/top_level.txt
[2.496s] -- Installing: /home/mk/ros2_study/install/my_first_package_msgs/local/lib/python3.10/dist-packages/my_first_package_msgs-0.0.0-py3.10.egg-info/dependency_links.txt
[2.496s] -- Installing: /home/mk/ros2_study/install/my_first_package_msgs/local/lib/python3.10/dist-packages/my_first_package_msgs-0.0.0-py3.10.egg-info/PKG-INFO
[2.496s] -- Installing: /home/mk/ros2_study/install/my_first_package_msgs/local/lib/python3.10/dist-packages/my_first_package_msgs
[2.496s] -- Installing: /home/mk/ros2_study/install/my_first_package_msgs/local/lib/python3.10/dist-packages/my_first_package_msgs/_my_first_package_msgs_s.ep.rosidl_typesupport_c.c
[2.496s] -- Installing: /home/mk/ros2_study/install/my_first_package_msgs/local/lib/python3.10/dist-packages/my_first_package_msgs/msg
[2.496s] -- Installing: /home/mk/ros2_study/install/my_first_package_msgs/local/lib/python3.10/dist-packages/my_first_package_msgs/msg/_cmd_and_pose_vel_s.c
[2.496s] -- Installing: /home/mk/ros2_study/install/my_first_package_msgs/local/lib/python3.10/dist-packages/my_first_package_msgs/msg/_cmd_and_pose_vel.py
[2.497s] -- Installing: /home/mk/ros2_study/install/my_first_package_msgs/local/lib/python3.10/dist-packages/my_first_package_msgs/msg/__init__.py
[2.497s] -- Installing: /home/mk/ros2_study/install/my_first_package_msgs/local/lib/python3.10/dist-packages/my_first_package_msgs/my_first_package_msgs_s__rosidl_typesupport_introspection_c.cpython-310-x86_64-linux-gnu.so
[2.497s] -- Installing: /home/mk/ros2_study/install/my_first_package_msgs/local/lib/python3.10/dist-packages/my_first_package_msgs/my_first_package_msgs_s__rosidl_typesupport_c.cpython-310-x86_64-linux-gnu.so
[2.497s] -- Installing: /home/mk/ros2_study/install/my_first_package_msgs/local/lib/python3.10/dist-packages/my_first_package_msgs/_my_first_package_msgs_s.ep.rosidl_typesupport_introspection_c.c
[2.497s] -- Installing: /home/mk/ros2_study/install/my_first_package_msgs/local/lib/python3.10/dist-packages/my_first_package_msgs/my_first_package_msgs_s__rosidl_typesupport_fastrtps_c.cpython-310-x86_64-linux-gnu.so
[2.497s] -- Installing: /home/mk/ros2_study/install/my_first_package_msgs/local/lib/python3.10/dist-packages/my_first_package_msgs/__init__.py
[2.497s] -- Installing: /home/mk/ros2_study/install/my_first_package_msgs/local/lib/python3.10/dist-packages/my_first_package_msgs/libmy_first_package_msgs__rosidl_generator_py.so
[2.497s] -- Installing: /home/mk/ros2_study/install/my_first_package_msgs/local/lib/python3.10/dist-packages/my_first_package_msgs/_my_first_package_msgs_s.ep.rosidl_typesupport_fastrtps_c.c
[2.516s] Listing '/home/mk/ros2_study/install/my_first_package_msgs/local/lib/python3.10/dist-packages/my_first_package_msgs'...
[2.516s] Compiling '/home/mk/ros2_study/install/my_first_package_msgs/local/lib/python3.10/dist-packages/my_first_package_msgs/__init__.py'...
[2.516s] Listing '/home/mk/ros2_study/install/my_first_package_msgs/local/lib/python3.10/dist-packages/my_first_package_msgs/msg'...
[2.516s] Compiling '/home/mk/ros2_study/install/my_first_package_msgs/local/lib/python3.10/dist-packages/my_first_package_msgs/msg/__init__.py'...
[2.516s] Compiling '/home/mk/ros2_study/install/my_first_package_msgs/local/lib/python3.10/dist-packages/my_first_package_msgs/msg/_cmd_and_pose_vel.py'...
[2.519s] -- Installing: /home/mk/ros2_study/install/my_first_package_msgs/local/lib/python3.10/dist-packages/my_first_package_msgs/my_first_package_msgs_s__rosidl_typesupport_fastrtps_c.cpython-310-x86_64-linux-gnu.so
[2.519s] -- Set runtime path of "/home/mk/ros2_study/install/my_first_package_msgs/local/lib/python3.10/dist-packages/my_first_package_msgs/my_first_package_msgs_s__rosidl_typesupport_fastrtps_c.cpython-310-x86_64-linux-gnu.so" to ""
[2.519s] -- Installing: /home/mk/ros2_study/install/my_first_package_msgs/local/lib/python3.10/dist-packages/my_first_package_msgs/my_first_package_msgs_s__rosidl_typesupport_introspection_c.cpython-310-x86_64-linux-gnu.so
[2.519s] -- Set runtime path of "/home/mk/ros2_study/install/my_first_package_msgs/local/lib/python3.10/dist-packages/my_first_package_msgs/my_first_package_msgs_s__rosidl_typesupport_introspection_c.cpython-310-x86_64-linux-gnu.so" to ""
[2.519s] -- Installing: /home/mk/ros2_study/install/my_first_package_msgs/local/lib/python3.10/dist-packages/my_first_package_msgs/my_first_package_msgs_s__rosidl_typesupport_c.cpython-310-x86_64-linux-gnu.so
[2.519s] -- Set runtime path of "/home/mk/ros2_study/install/my_first_package_msgs/local/lib/python3.10/dist-packages/my_first_package_msgs/my_first_package_msgs_s__rosidl_typesupport_c.cpython-310-x86_64-linux-gnu.so" to ""
[2.519s] -- Installing: /home/mk/ros2_study/install/my_first_package_msgs/lib/libmy_first_package_msgs__rosidl_generator_py.so
[2.519s] -- Set runtime path of "/home/mk/ros2_study/install/my_first_package_msgs/lib/libmy_first_package_msgs__rosidl_generator_py.so" to ""
[2.519s] -- Installing: /home/mk/ros2_study/install/my_first_package_msgs/share/my_first_package_msgs/msg/CmdAndPoseVel.idl
[2.520s] -- Installing: /home/mk/ros2_study/install/my_first_package_msgs/share/my_first_package_msgs/msg/CmdAndPoseVel.msg
[2.520s] -- Installing: /home/mk/ros2_study/install/my_first_package_msgs/share/ament_index/resource_index/package_run_dependencies/my_first_package_msgs
[2.520s] -- Installing: /home/mk/ros2_study/install/my_first_package_msgs/share/ament_index/resource_index/parent_prefix_path/my_first_package_msgs
[2.520s] -- Installing: /home/mk/ros2_study/install/my_first_package_msgs/share/my_first_package_msgs/environment/ament_prefix_path.sh
[2.520s] -- Installing: /home/mk/ros2_study/install/my_first_package_msgs/share/my_first_package_msgs/environment/ament_prefix_path.dsv
[2.520s] -- Installing: /home/mk/ros2_study/install/my_first_package_msgs/share/my_first_package_msgs/environment/path.sh
[2.520s] -- Installing: /home/mk/ros2_study/install/my_first_package_msgs/share/my_first_package_msgs/environment/path.dsv
[2.520s] -- Installing: /home/mk/ros2_study/install/my_first_package_msgs/share/my_first_package_msgs/local_setup.bash
[2.520s] -- Installing: /home/mk/ros2_study/install/my_first_package_msgs/share/my_first_package_msgs/local_setup.sh
[2.520s] -- Installing: /home/mk/ros2_study/install/my_first_package_msgs/share/my_first_package_msgs/local_setup.zsh
[2.520s] -- Installing: /home/mk/ros2_study/install/my_first_package_msgs/share/my_first_package_msgs/local_setup.dsv
[2.520s] -- Installing: /home/mk/ros2_study/install/my_first_package_msgs/share/my_first_package_msgs/package.dsv
[2.520s] -- Installing: /home/mk/ros2_study/install/my_first_package_msgs/share/ament_index/resource_index/packages/my_first_package_msgs
[2.520s] -- Installing: /home/mk/ros2_study/install/my_first_package_msgs/share/my_first_package_msgs/cmake/export_my_first_package_msgs__rosidl_generator_cExport.cmake
[2.520s] -- Installing: /home/mk/ros2_study/install/my_first_package_msgs/share/my_first_package_msgs/cmake/export_my_first_package_msgs__rosidl_generator_cExport-noconfig.cmake
[2.520s] -- Installing: /home/mk/ros2_study/install/my_first_package_msgs/share/my_first_package_msgs/cmake/export_my_first_package_msgs__rosidl_typesupport_fastrtps_cExport.cmake
[2.520s] -- Installing: /home/mk/ros2_study/install/my_first_package_msgs/share/my_first_package_msgs/cmake/export_my_first_package_msgs__rosidl_typesupport_fastrtps_cExport-noconfig.cmake
[2.520s] -- Installing: /home/mk/ros2_study/install/my_first_package_msgs/share/my_first_package_msgs/cmake/my_first_package_msgs__rosidl_typesupport_introspection_cExport.cmake
[2.520s] -- Installing: /home/mk/ros2_study/install/my_first_package_msgs/share/my_first_package_msgs/cmake/my_first_package_msgs__rosidl_typesupport_introspection_cExport-noconfig.cmake
[2.520s] -- Installing: /home/mk/ros2_study/install/my_first_package_msgs/share/my_first_package_msgs/cmake/my_first_package_msgs__rosidl_typesupport_cExport.cmake
[2.520s] -- Installing: /home/mk/ros2_study/install/my_first_package_msgs/share/my_first_package_msgs/cmake/my_first_package_msgs__rosidl_typesupport_cExport-noconfig.cmake
[2.521s] -- Installing: /home/mk/ros2_study/install/my_first_package_msgs/share/my_first_package_msgs/cmake/export_my_first_package_msgs__rosidl_generator_cppExport.cmake
[2.521s] -- Installing: /home/mk/ros2_study/install/my_first_package_msgs/share/my_first_package_msgs/cmake/export_my_first_package_msgs__rosidl_typesupport_fastrtps_cppExport.cmake
[2.521s] -- Installing: /home/mk/ros2_study/install/my_first_package_msgs/share/my_first_package_msgs/cmake/export_my_first_package_msgs__rosidl_typesupport_fastrtps_cppExport-noconfig.cmake
[2.521s] -- Installing: /home/mk/ros2_study/install/my_first_package_msgs/share/my_first_package_msgs/cmake/my_first_package_msgs__rosidl_typesupport_introspection_cppExport.cmake
[2.521s] -- Installing: /home/mk/ros2_study/install/my_first_package_msgs/share/my_first_package_msgs/cmake/my_first_package_msgs__rosidl_typesupport_introspection_cppExport-noconfig.cmake
[2.521s] -- Installing: /home/mk/ros2_study/install/my_first_package_msgs/share/my_first_package_msgs/cmake/my_first_package_msgs__rosidl_typesupport_cppExport.cmake
[2.521s] -- Installing: /home/mk/ros2_study/install/my_first_package_msgs/share/my_first_package_msgs/cmake/my_first_package_msgs__rosidl_typesupport_cppExport-noconfig.cmake
[2.521s] -- Installing: /home/mk/ros2_study/install/my_first_package_msgs/share/my_first_package_msgs/cmake/export_my_first_package_msgs__rosidl_generator_pyExport.cmake
[2.521s] -- Installing: /home/mk/ros2_study/install/my_first_package_msgs/share/my_first_package_msgs/cmake/export_my_first_package_msgs__rosidl_generator_pyExport-noconfig.cmake
[2.521s] -- Installing: /home/mk/ros2_study/install/my_first_package_msgs/share/my_first_package_msgs/cmake/rosidl_cmake-extras.cmake
[2.521s] -- Installing: /home/mk/ros2_study/install/my_first_package_msgs/share/my_first_package_msgs/cmake/ament_cmake_export_include_directories-extras.cmake
[2.521s] -- Installing: /home/mk/ros2_study/install/my_first_package_msgs/share/my_first_package_msgs/cmake/ament_cmake_export_libraries-extras.cmake
[2.521s] -- Installing: /home/mk/ros2_study/install/my_first_package_msgs/share/my_first_package_msgs/cmake/ament_cmake_export_targets-extras.cmake
[2.521s] -- Installing: /home/mk/ros2_study/install/my_first_package_msgs/share/my_first_package_msgs/cmake/rosidl_cmake_export_typesupport_targets-extras.cmake
[2.521s] -- Installing: /home/mk/ros2_study/install/my_first_package_msgs/share/my_first_package_msgs/cmake/ament_cmake_export_dependencies-extras.cmake
[2.521s] -- Installing: /home/mk/ros2_study/install/my_first_package_msgs/share/my_first_package_msgs/cmake/rosidl_cmake_export_typesupport_libraries-extras.cmake
[2.521s] -- Installing: /home/mk/ros2_study/install/my_first_package_msgs/share/my_first_package_msgs/cmake/my_first_package_msgsConfig.cmake
[2.521s] -- Installing: /home/mk/ros2_study/install/my_first_package_msgs/share/my_first_package_msgs/cmake/my_first_package_msgsConfig-version.cmake
[2.521s] -- Installing: /home/mk/ros2_study/install/my_first_package_msgs/share/my_first_package_msgs/package.xml
[2.523s] Invoked command in '/home/mk/ros2_study/build/my_first_package_msgs' returned '0': CMAKE_PREFIX_PATH=/home/mk/ros2_study/install/my_first_package:/opt/ros/humble /usr/bin/cmake --install /home/mk/ros2_study/build/my_first_package_msgs
